TpTrace Verbose: 0 : 21016, 1, 2024/07/12, 10:42:03.109, 6639746214338, vstest.console.dll, Version: 17.10.0-release-24203-04 Current process architecture: X64
TpTrace Verbose: 0 : 21016, 1, 2024/07/12, 10:42:03.113, 6639746254657, vstest.console.dll, Runtime location: C:\Program Files\dotnet\shared\Microsoft.NETCore.App\8.0.5
TpTrace Verbose: 0 : 21016, 1, 2024/07/12, 10:42:03.117, 6639746288348, vstest.console.dll, ArtifactProcessingPostProcessModeProcessorExecutor.Initialize: ArtifactProcessingMode.Collect
TpTrace Verbose: 0 : 21016, 1, 2024/07/12, 10:42:03.117, 6639746290377, vstest.console.dll, TestSessionCorrelationIdProcessorModeProcessorExecutor.Initialize: TestSessionCorrelationId '29524_b563c7c8-08ee-48f1-8773-58eb593b76fd'
TpTrace Information: 0 : 21016, 1, 2024/07/12, 10:42:03.126, 6639746375952, vstest.console.dll, FilePatternParser: The given file C:\Users\VC\Desktop\onedayproject\ATM-app\solnATM\ATMTest\bin\Debug\net6.0\fine-code-coverage\build-output\ATMTest.dll is a full path.
TpTrace Verbose: 0 : 21016, 1, 2024/07/12, 10:42:03.132, 6639746437648, vstest.console.dll, TestPluginCache.DiscoverTestExtensions: finding test extensions in assemblies ends with: RuntimeProvider.dll TPluginInfo: Microsoft.VisualStudio.TestPlatform.Common.ExtensionFramework.Utilities.TestRuntimePluginInformation TExtension: Microsoft.VisualStudio.TestPlatform.ObjectModel.Host.ITestRuntimeProvider
TpTrace Verbose: 0 : 21016, 1, 2024/07/12, 10:42:03.132, 6639746441994, vstest.console.dll, TestPluginCache.GetExtensionPaths: Filtered extension paths: 
TpTrace Verbose: 0 : 21016, 1, 2024/07/12, 10:42:03.132, 6639746443097, vstest.console.dll, TestPluginCache.GetExtensionPaths: Added default extension paths: C:\Program Files\dotnet\sdk\8.0.300\Extensions\Microsoft.Diagnostics.NETCore.Client.dll
C:\Program Files\dotnet\sdk\8.0.300\Extensions\Microsoft.TestPlatform.Extensions.BlameDataCollector.dll
C:\Program Files\dotnet\sdk\8.0.300\Extensions\Microsoft.TestPlatform.Extensions.EventLogCollector.dll
C:\Program Files\dotnet\sdk\8.0.300\Extensions\Microsoft.TestPlatform.TestHostRuntimeProvider.dll
C:\Program Files\dotnet\sdk\8.0.300\Extensions\Microsoft.VisualStudio.TestPlatform.Extensions.Html.TestLogger.dll
C:\Program Files\dotnet\sdk\8.0.300\Extensions\Microsoft.VisualStudio.TestPlatform.Extensions.Trx.TestLogger.dll
TpTrace Verbose: 0 : 21016, 1, 2024/07/12, 10:42:03.132, 6639746443483, vstest.console.dll, TestPluginCache.GetExtensionPaths: Added unfilterableExtensionPaths: 
TpTrace Information: 0 : 21016, 1, 2024/07/12, 10:42:03.133, 6639746449526, vstest.console.dll, AssemblyResolver.ctor: Creating AssemblyResolver with searchDirectories C:\Program Files\dotnet\sdk\8.0.300\Extensions,C:\Program Files\dotnet\sdk\8.0.300
TpTrace Verbose: 0 : 21016, 1, 2024/07/12, 10:42:03.135, 6639746472913, vstest.console.dll, TestPluginCache.DiscoverTestExtensions: Discovering the extensions using extension path.
TpTrace Verbose: 0 : 21016, 1, 2024/07/12, 10:42:03.136, 6639746475893, vstest.console.dll, TestPluginCache.GetExtensionPaths: Filtered extension paths: 
TpTrace Verbose: 0 : 21016, 1, 2024/07/12, 10:42:03.136, 6639746476583, vstest.console.dll, TestPluginCache.GetExtensionPaths: Added default extension paths: C:\Program Files\dotnet\sdk\8.0.300\Extensions\Microsoft.Diagnostics.NETCore.Client.dll
C:\Program Files\dotnet\sdk\8.0.300\Extensions\Microsoft.TestPlatform.Extensions.BlameDataCollector.dll
C:\Program Files\dotnet\sdk\8.0.300\Extensions\Microsoft.TestPlatform.Extensions.EventLogCollector.dll
C:\Program Files\dotnet\sdk\8.0.300\Extensions\Microsoft.TestPlatform.TestHostRuntimeProvider.dll
C:\Program Files\dotnet\sdk\8.0.300\Extensions\Microsoft.VisualStudio.TestPlatform.Extensions.Html.TestLogger.dll
C:\Program Files\dotnet\sdk\8.0.300\Extensions\Microsoft.VisualStudio.TestPlatform.Extensions.Trx.TestLogger.dll
TpTrace Verbose: 0 : 21016, 1, 2024/07/12, 10:42:03.136, 6639746477164, vstest.console.dll, TestPluginCache.GetExtensionPaths: Added unfilterableExtensionPaths: 
TpTrace Verbose: 0 : 21016, 1, 2024/07/12, 10:42:03.136, 6639746478229, vstest.console.dll, TestPluginCache.DiscoverTestExtensions: Discovering the extensions using allExtensionPaths: C:\Program Files\dotnet\sdk\8.0.300\Extensions\Microsoft.Diagnostics.NETCore.Client.dll
C:\Program Files\dotnet\sdk\8.0.300\Extensions\Microsoft.TestPlatform.Extensions.BlameDataCollector.dll
C:\Program Files\dotnet\sdk\8.0.300\Extensions\Microsoft.TestPlatform.Extensions.EventLogCollector.dll
C:\Program Files\dotnet\sdk\8.0.300\Extensions\Microsoft.TestPlatform.TestHostRuntimeProvider.dll
C:\Program Files\dotnet\sdk\8.0.300\Extensions\Microsoft.VisualStudio.TestPlatform.Extensions.Html.TestLogger.dll
C:\Program Files\dotnet\sdk\8.0.300\Extensions\Microsoft.VisualStudio.TestPlatform.Extensions.Trx.TestLogger.dll
TpTrace Information: 0 : 21016, 1, 2024/07/12, 10:42:03.136, 6639746480950, vstest.console.dll, AssemblyResolver.AddSearchDirectories: Adding more searchDirectories C:\Program Files\dotnet\sdk\8.0.300\Extensions,C:\Program Files\dotnet\sdk\8.0.300
TpTrace Information: 0 : 21016, 1, 2024/07/12, 10:42:03.136, 6639746482077, vstest.console.dll, AssemblyResolver.AddSearchDirectories: Adding more searchDirectories C:\Program Files\dotnet\sdk\8.0.300\Extensions,C:\Program Files\dotnet\sdk\8.0.300
TpTrace Information: 0 : 21016, 1, 2024/07/12, 10:42:03.136, 6639746482644, vstest.console.dll, AssemblyResolver.AddSearchDirectories: Adding more searchDirectories C:\Program Files\dotnet\sdk\8.0.300\Extensions,C:\Program Files\dotnet\sdk\8.0.300
TpTrace Information: 0 : 21016, 1, 2024/07/12, 10:42:03.136, 6639746483100, vstest.console.dll, AssemblyResolver.AddSearchDirectories: Adding more searchDirectories C:\Program Files\dotnet\sdk\8.0.300\Extensions,C:\Program Files\dotnet\sdk\8.0.300
TpTrace Information: 0 : 21016, 1, 2024/07/12, 10:42:03.136, 6639746483547, vstest.console.dll, AssemblyResolver.AddSearchDirectories: Adding more searchDirectories C:\Program Files\dotnet\sdk\8.0.300\Extensions,C:\Program Files\dotnet\sdk\8.0.300
TpTrace Information: 0 : 21016, 1, 2024/07/12, 10:42:03.136, 6639746483979, vstest.console.dll, AssemblyResolver.AddSearchDirectories: Adding more searchDirectories C:\Program Files\dotnet\sdk\8.0.300\Extensions,C:\Program Files\dotnet\sdk\8.0.300
TpTrace Information: 0 : 21016, 1, 2024/07/12, 10:42:03.137, 6639746491297, vstest.console.dll, AssemblyResolver.OnResolve: Microsoft.Diagnostics.NETCore.Client: Resolving assembly.
TpTrace Information: 0 : 21016, 1, 2024/07/12, 10:42:03.137, 6639746492520, vstest.console.dll, AssemblyResolver.OnResolve: Microsoft.Diagnostics.NETCore.Client: Searching in: 'C:\Program Files\dotnet\sdk\8.0.300\Extensions'.
TpTrace Information: 0 : 21016, 1, 2024/07/12, 10:42:03.148, 6639746601481, vstest.console.dll, AssemblyResolver.OnResolve: Microsoft.Diagnostics.NETCore.Client: Loading assembly 'C:\Program Files\dotnet\sdk\8.0.300\Extensions\Microsoft.Diagnostics.NETCore.Client.dll'.
TpTrace Information: 0 : 21016, 1, 2024/07/12, 10:42:03.149, 6639746610519, vstest.console.dll, AssemblyResolver.OnResolve: Resolved assembly: Microsoft.Diagnostics.NETCore.Client, from path: C:\Program Files\dotnet\sdk\8.0.300\Extensions\Microsoft.Diagnostics.NETCore.Client.dll
TpTrace Verbose: 0 : 21016, 1, 2024/07/12, 10:42:03.157, 6639746687716, vstest.console.dll, MetadataReaderExtensionsHelper: Discovering extensions inside assembly 'Microsoft.Diagnostics.NETCore.Client, Version=0.2.10.15101, Culture=neutral, PublicKeyToken=31bf3856ad364e35' file path 'C:\Program Files\dotnet\sdk\8.0.300\Extensions\Microsoft.Diagnostics.NETCore.Client.dll'
TpTrace Information: 0 : 21016, 1, 2024/07/12, 10:42:03.163, 6639746754136, vstest.console.dll, AssemblyResolver.OnResolve: Microsoft.Bcl.AsyncInterfaces: Resolving assembly.
TpTrace Information: 0 : 21016, 1, 2024/07/12, 10:42:03.164, 6639746756076, vstest.console.dll, AssemblyResolver.OnResolve: Microsoft.Bcl.AsyncInterfaces: Searching in: 'C:\Program Files\dotnet\sdk\8.0.300\Extensions'.
TpTrace Information: 0 : 21016, 1, 2024/07/12, 10:42:03.164, 6639746757502, vstest.console.dll, AssemblyResolver.OnResolve: Microsoft.Bcl.AsyncInterfaces: Assembly path does not exist: 'C:\Program Files\dotnet\sdk\8.0.300\Extensions\Microsoft.Bcl.AsyncInterfaces.dll', returning.
TpTrace Information: 0 : 21016, 1, 2024/07/12, 10:42:03.164, 6639746759216, vstest.console.dll, AssemblyResolver.OnResolve: Microsoft.Bcl.AsyncInterfaces: Assembly path does not exist: 'C:\Program Files\dotnet\sdk\8.0.300\Extensions\Microsoft.Bcl.AsyncInterfaces.exe', returning.
TpTrace Information: 0 : 21016, 1, 2024/07/12, 10:42:03.164, 6639746759972, vstest.console.dll, AssemblyResolver.OnResolve: Microsoft.Bcl.AsyncInterfaces: Searching in: 'C:\Program Files\dotnet\sdk\8.0.300'.
TpTrace Information: 0 : 21016, 1, 2024/07/12, 10:42:03.164, 6639746760824, vstest.console.dll, AssemblyResolver.OnResolve: Microsoft.Bcl.AsyncInterfaces: Assembly path does not exist: 'C:\Program Files\dotnet\sdk\8.0.300\Microsoft.Bcl.AsyncInterfaces.dll', returning.
TpTrace Information: 0 : 21016, 1, 2024/07/12, 10:42:03.164, 6639746761521, vstest.console.dll, AssemblyResolver.OnResolve: Microsoft.Bcl.AsyncInterfaces: Assembly path does not exist: 'C:\Program Files\dotnet\sdk\8.0.300\Microsoft.Bcl.AsyncInterfaces.exe', returning.
TpTrace Information: 0 : 21016, 1, 2024/07/12, 10:42:03.164, 6639746762024, vstest.console.dll, AssemblyResolver.OnResolve: Microsoft.Bcl.AsyncInterfaces: Failed to load assembly.
TpTrace Verbose: 0 : 21016, 1, 2024/07/12, 10:42:03.164, 6639746762666, vstest.console.dll, CurrentDomainAssemblyResolve: Resolving assembly 'Microsoft.Bcl.AsyncInterfaces'.
TpTrace Information: 0 : 21016, 1, 2024/07/12, 10:42:03.164, 6639746763602, vstest.console.dll, AssemblyResolver.OnResolve: Microsoft.Bcl.AsyncInterfaces: Resolving assembly.
TpTrace Information: 0 : 21016, 1, 2024/07/12, 10:42:03.164, 6639746764501, vstest.console.dll, AssemblyResolver.OnResolve: Microsoft.Bcl.AsyncInterfaces: Resolved from cache.
TpTrace Verbose: 0 : 21016, 1, 2024/07/12, 10:42:03.164, 6639746764996, vstest.console.dll, CurrentDomainAssemblyResolve: Resolving assembly 'Microsoft.Bcl.AsyncInterfaces'.
TpTrace Verbose: 0 : 21016, 1, 2024/07/12, 10:42:03.165, 6639746765589, vstest.console.dll, CurrentDomainAssemblyResolve: Failed to resolve assembly 'Microsoft.Bcl.AsyncInterfaces'.
TpTrace Verbose: 0 : 21016, 1, 2024/07/12, 10:42:03.165, 6639746774429, vstest.console.dll, CurrentDomainAssemblyResolve: Failed to resolve assembly 'Microsoft.Bcl.AsyncInterfaces'.
TpTrace Warning: 0 : 21016, 1, 2024/07/12, 10:42:03.178, 6639746901821, vstest.console.dll, TestPluginDiscoverer: Failed to get types from assembly 'Microsoft.Diagnostics.NETCore.Client, Version=0.2.10.15101, Culture=neutral, PublicKeyToken=31bf3856ad364e35'. Error: System.Reflection.ReflectionTypeLoadException: Unable to load one or more of the requested types.
Could not load file or assembly 'Microsoft.Bcl.AsyncInterfaces, Version=6.0.0.0, Culture=neutral, PublicKeyToken=cc7b13ffcd2ddd51'. The system cannot find the file specified.
   at System.Reflection.RuntimeModule.GetTypes(RuntimeModule module)
   at System.Reflection.RuntimeModule.GetTypes()
   at Microsoft.VisualStudio.TestPlatform.Common.ExtensionFramework.TestPluginDiscoverer.GetTestExtensionsFromAssembly[TPluginInfo,TExtension](Assembly assembly, Dictionary`2 pluginInfos, String filePath) in /_/src/Microsoft.TestPlatform.Common/ExtensionFramework/TestPluginDiscoverer.cs:line 158
System.IO.FileNotFoundException: Could not load file or assembly 'Microsoft.Bcl.AsyncInterfaces, Version=6.0.0.0, Culture=neutral, PublicKeyToken=cc7b13ffcd2ddd51'. The system cannot find the file specified.
File name: 'Microsoft.Bcl.AsyncInterfaces, Version=6.0.0.0, Culture=neutral, PublicKeyToken=cc7b13ffcd2ddd51'
 ---> System.IO.FileNotFoundException: Could not load file or assembly 'Microsoft.Bcl.AsyncInterfaces, Culture=neutral, PublicKeyToken=null'. The system cannot find the file specified.
File name: 'Microsoft.Bcl.AsyncInterfaces, Culture=neutral, PublicKeyToken=null'
   at System.Reflection.RuntimeAssembly.InternalLoad(AssemblyName assemblyName, StackCrawlMark& stackMark, AssemblyLoadContext assemblyLoadContext, RuntimeAssembly requestingAssembly, Boolean throwOnFileNotFound)
   at System.Reflection.Assembly.Load(AssemblyName assemblyRef)
   at Microsoft.VisualStudio.TestPlatform.Common.ExtensionFramework.TestPluginCache.CurrentDomainAssemblyResolve(Object sender, AssemblyResolveEventArgs args) in /_/src/Microsoft.TestPlatform.Common/ExtensionFramework/TestPluginCache.cs:line 513
   at System.Runtime.Loader.AssemblyLoadContext.GetFirstResolvedAssemblyFromResolvingEvent(AssemblyName assemblyName)
   at System.Runtime.Loader.AssemblyLoadContext.ResolveUsingEvent(AssemblyName assemblyName)
   at System.Runtime.Loader.AssemblyLoadContext.ResolveUsingResolvingEvent(IntPtr gchManagedAssemblyLoadContext, AssemblyName assemblyName)
TpTrace Warning: 0 : 21016, 1, 2024/07/12, 10:42:03.179, 6639746906366, vstest.console.dll, LoaderExceptions: System.IO.FileNotFoundException: Could not load file or assembly 'Microsoft.Bcl.AsyncInterfaces, Version=6.0.0.0, Culture=neutral, PublicKeyToken=cc7b13ffcd2ddd51'. The system cannot find the file specified.
File name: 'Microsoft.Bcl.AsyncInterfaces, Version=6.0.0.0, Culture=neutral, PublicKeyToken=cc7b13ffcd2ddd51'
 ---> System.IO.FileNotFoundException: Could not load file or assembly 'Microsoft.Bcl.AsyncInterfaces, Culture=neutral, PublicKeyToken=null'. The system cannot find the file specified.
File name: 'Microsoft.Bcl.AsyncInterfaces, Culture=neutral, PublicKeyToken=null'
   at System.Reflection.RuntimeAssembly.InternalLoad(AssemblyName assemblyName, StackCrawlMark& stackMark, AssemblyLoadContext assemblyLoadContext, RuntimeAssembly requestingAssembly, Boolean throwOnFileNotFound)
   at System.Reflection.Assembly.Load(AssemblyName assemblyRef)
   at Microsoft.VisualStudio.TestPlatform.Common.ExtensionFramework.TestPluginCache.CurrentDomainAssemblyResolve(Object sender, AssemblyResolveEventArgs args) in /_/src/Microsoft.TestPlatform.Common/ExtensionFramework/TestPluginCache.cs:line 513
   at System.Runtime.Loader.AssemblyLoadContext.GetFirstResolvedAssemblyFromResolvingEvent(AssemblyName assemblyName)
   at System.Runtime.Loader.AssemblyLoadContext.ResolveUsingEvent(AssemblyName assemblyName)
   at System.Runtime.Loader.AssemblyLoadContext.ResolveUsingResolvingEvent(IntPtr gchManagedAssemblyLoadContext, AssemblyName assemblyName)
TpTrace Information: 0 : 21016, 1, 2024/07/12, 10:42:03.179, 6639746908208, vstest.console.dll, AssemblyResolver.OnResolve: Microsoft.TestPlatform.Extensions.BlameDataCollector: Resolving assembly.
TpTrace Information: 0 : 21016, 1, 2024/07/12, 10:42:03.179, 6639746908704, vstest.console.dll, AssemblyResolver.OnResolve: Microsoft.TestPlatform.Extensions.BlameDataCollector: Searching in: 'C:\Program Files\dotnet\sdk\8.0.300\Extensions'.
TpTrace Information: 0 : 21016, 1, 2024/07/12, 10:42:03.179, 6639746912661, vstest.console.dll, AssemblyResolver.OnResolve: Microsoft.TestPlatform.Extensions.BlameDataCollector: Loading assembly 'C:\Program Files\dotnet\sdk\8.0.300\Extensions\Microsoft.TestPlatform.Extensions.BlameDataCollector.dll'.
TpTrace Information: 0 : 21016, 1, 2024/07/12, 10:42:03.180, 6639746920400, vstest.console.dll, AssemblyResolver.OnResolve: Resolved assembly: Microsoft.TestPlatform.Extensions.BlameDataCollector, from path: C:\Program Files\dotnet\sdk\8.0.300\Extensions\Microsoft.TestPlatform.Extensions.BlameDataCollector.dll
TpTrace Verbose: 0 : 21016, 1, 2024/07/12, 10:42:03.180, 6639746921539, vstest.console.dll, MetadataReaderExtensionsHelper: Discovering extensions inside assembly 'Microsoft.TestPlatform.Extensions.BlameDataCollector, Version=15.0.0.0, Culture=neutral, PublicKeyToken=b03f5f7f11d50a3a' file path 'C:\Program Files\dotnet\sdk\8.0.300\Extensions\Microsoft.TestPlatform.Extensions.BlameDataCollector.dll'
TpTrace Information: 0 : 21016, 1, 2024/07/12, 10:42:03.182, 6639746942646, vstest.console.dll, AssemblyResolver.OnResolve: Microsoft.TestPlatform.Extensions.EventLogCollector: Resolving assembly.
TpTrace Information: 0 : 21016, 1, 2024/07/12, 10:42:03.182, 6639746944408, vstest.console.dll, AssemblyResolver.OnResolve: Microsoft.TestPlatform.Extensions.EventLogCollector: Searching in: 'C:\Program Files\dotnet\sdk\8.0.300\Extensions'.
TpTrace Information: 0 : 21016, 1, 2024/07/12, 10:42:03.183, 6639746949844, vstest.console.dll, AssemblyResolver.OnResolve: Microsoft.TestPlatform.Extensions.EventLogCollector: Loading assembly 'C:\Program Files\dotnet\sdk\8.0.300\Extensions\Microsoft.TestPlatform.Extensions.EventLogCollector.dll'.
TpTrace Information: 0 : 21016, 1, 2024/07/12, 10:42:03.184, 6639746956816, vstest.console.dll, AssemblyResolver.OnResolve: Resolved assembly: Microsoft.TestPlatform.Extensions.EventLogCollector, from path: C:\Program Files\dotnet\sdk\8.0.300\Extensions\Microsoft.TestPlatform.Extensions.EventLogCollector.dll
TpTrace Verbose: 0 : 21016, 1, 2024/07/12, 10:42:03.184, 6639746957813, vstest.console.dll, MetadataReaderExtensionsHelper: Discovering extensions inside assembly 'Microsoft.TestPlatform.Extensions.EventLogCollector, Version=15.0.0.0, Culture=neutral, PublicKeyToken=b03f5f7f11d50a3a' file path 'C:\Program Files\dotnet\sdk\8.0.300\Extensions\Microsoft.TestPlatform.Extensions.EventLogCollector.dll'
TpTrace Information: 0 : 21016, 1, 2024/07/12, 10:42:03.186, 6639746983752, vstest.console.dll, AssemblyResolver.OnResolve: Microsoft.TestPlatform.TestHostRuntimeProvider: Resolving assembly.
TpTrace Information: 0 : 21016, 1, 2024/07/12, 10:42:03.186, 6639746985063, vstest.console.dll, AssemblyResolver.OnResolve: Microsoft.TestPlatform.TestHostRuntimeProvider: Searching in: 'C:\Program Files\dotnet\sdk\8.0.300\Extensions'.
TpTrace Information: 0 : 21016, 1, 2024/07/12, 10:42:03.187, 6639746988463, vstest.console.dll, AssemblyResolver.OnResolve: Microsoft.TestPlatform.TestHostRuntimeProvider: Loading assembly 'C:\Program Files\dotnet\sdk\8.0.300\Extensions\Microsoft.TestPlatform.TestHostRuntimeProvider.dll'.
TpTrace Information: 0 : 21016, 1, 2024/07/12, 10:42:03.187, 6639746994480, vstest.console.dll, AssemblyResolver.OnResolve: Resolved assembly: Microsoft.TestPlatform.TestHostRuntimeProvider, from path: C:\Program Files\dotnet\sdk\8.0.300\Extensions\Microsoft.TestPlatform.TestHostRuntimeProvider.dll
TpTrace Verbose: 0 : 21016, 1, 2024/07/12, 10:42:03.188, 6639746995511, vstest.console.dll, MetadataReaderExtensionsHelper: Discovering extensions inside assembly 'Microsoft.TestPlatform.TestHostRuntimeProvider, Version=15.0.0.0, Culture=neutral, PublicKeyToken=b03f5f7f11d50a3a' file path 'C:\Program Files\dotnet\sdk\8.0.300\Extensions\Microsoft.TestPlatform.TestHostRuntimeProvider.dll'
TpTrace Information: 0 : 21016, 1, 2024/07/12, 10:42:03.189, 6639747012793, vstest.console.dll, GetTestExtensionFromType: Register extension with identifier data 'HostProvider://DefaultTestHost' and type 'Microsoft.VisualStudio.TestPlatform.CrossPlatEngine.Hosting.DefaultTestHostManager, Microsoft.TestPlatform.TestHostRuntimeProvider, Version=15.0.0.0, Culture=neutral, PublicKeyToken=b03f5f7f11d50a3a' inside file 'C:\Program Files\dotnet\sdk\8.0.300\Extensions\Microsoft.TestPlatform.TestHostRuntimeProvider.dll'
TpTrace Information: 0 : 21016, 1, 2024/07/12, 10:42:03.190, 6639747016336, vstest.console.dll, GetTestExtensionFromType: Register extension with identifier data 'HostProvider://DotnetTestHost' and type 'Microsoft.VisualStudio.TestPlatform.CrossPlatEngine.Hosting.DotnetTestHostManager, Microsoft.TestPlatform.TestHostRuntimeProvider, Version=15.0.0.0, Culture=neutral, PublicKeyToken=b03f5f7f11d50a3a' inside file 'C:\Program Files\dotnet\sdk\8.0.300\Extensions\Microsoft.TestPlatform.TestHostRuntimeProvider.dll'
TpTrace Information: 0 : 21016, 1, 2024/07/12, 10:42:03.190, 6639747017429, vstest.console.dll, AssemblyResolver.OnResolve: Microsoft.VisualStudio.TestPlatform.Extensions.Html.TestLogger: Resolving assembly.
TpTrace Information: 0 : 21016, 1, 2024/07/12, 10:42:03.190, 6639747017911, vstest.console.dll, AssemblyResolver.OnResolve: Microsoft.VisualStudio.TestPlatform.Extensions.Html.TestLogger: Searching in: 'C:\Program Files\dotnet\sdk\8.0.300\Extensions'.
TpTrace Information: 0 : 21016, 1, 2024/07/12, 10:42:03.190, 6639747022423, vstest.console.dll, AssemblyResolver.OnResolve: Microsoft.VisualStudio.TestPlatform.Extensions.Html.TestLogger: Loading assembly 'C:\Program Files\dotnet\sdk\8.0.300\Extensions\Microsoft.VisualStudio.TestPlatform.Extensions.Html.TestLogger.dll'.
TpTrace Information: 0 : 21016, 1, 2024/07/12, 10:42:03.191, 6639747032042, vstest.console.dll, AssemblyResolver.OnResolve: Resolved assembly: Microsoft.VisualStudio.TestPlatform.Extensions.Html.TestLogger, from path: C:\Program Files\dotnet\sdk\8.0.300\Extensions\Microsoft.VisualStudio.TestPlatform.Extensions.Html.TestLogger.dll
TpTrace Verbose: 0 : 21016, 1, 2024/07/12, 10:42:03.191, 6639747033310, vstest.console.dll, MetadataReaderExtensionsHelper: Discovering extensions inside assembly 'Microsoft.VisualStudio.TestPlatform.Extensions.Html.TestLogger, Version=15.0.0.0, Culture=neutral, PublicKeyToken=b03f5f7f11d50a3a' file path 'C:\Program Files\dotnet\sdk\8.0.300\Extensions\Microsoft.VisualStudio.TestPlatform.Extensions.Html.TestLogger.dll'
TpTrace Information: 0 : 21016, 1, 2024/07/12, 10:42:03.192, 6639747042673, vstest.console.dll, AssemblyResolver.OnResolve: Microsoft.VisualStudio.TestPlatform.Extensions.Trx.TestLogger: Resolving assembly.
TpTrace Information: 0 : 21016, 1, 2024/07/12, 10:42:03.192, 6639747043588, vstest.console.dll, AssemblyResolver.OnResolve: Microsoft.VisualStudio.TestPlatform.Extensions.Trx.TestLogger: Searching in: 'C:\Program Files\dotnet\sdk\8.0.300\Extensions'.
TpTrace Information: 0 : 21016, 1, 2024/07/12, 10:42:03.193, 6639747047126, vstest.console.dll, AssemblyResolver.OnResolve: Microsoft.VisualStudio.TestPlatform.Extensions.Trx.TestLogger: Loading assembly 'C:\Program Files\dotnet\sdk\8.0.300\Extensions\Microsoft.VisualStudio.TestPlatform.Extensions.Trx.TestLogger.dll'.
TpTrace Information: 0 : 21016, 1, 2024/07/12, 10:42:03.193, 6639747053815, vstest.console.dll, AssemblyResolver.OnResolve: Resolved assembly: Microsoft.VisualStudio.TestPlatform.Extensions.Trx.TestLogger, from path: C:\Program Files\dotnet\sdk\8.0.300\Extensions\Microsoft.VisualStudio.TestPlatform.Extensions.Trx.TestLogger.dll
TpTrace Verbose: 0 : 21016, 1, 2024/07/12, 10:42:03.193, 6639747054679, vstest.console.dll, MetadataReaderExtensionsHelper: Discovering extensions inside assembly 'Microsoft.VisualStudio.TestPlatform.Extensions.Trx.TestLogger, Version=15.0.0.0, Culture=neutral, PublicKeyToken=b03f5f7f11d50a3a' file path 'C:\Program Files\dotnet\sdk\8.0.300\Extensions\Microsoft.VisualStudio.TestPlatform.Extensions.Trx.TestLogger.dll'
TpTrace Verbose: 0 : 21016, 1, 2024/07/12, 10:42:03.195, 6639747066040, vstest.console.dll, TestPluginCache: Discovered the extensions using extension path ''.
TpTrace Verbose: 0 : 21016, 1, 2024/07/12, 10:42:03.195, 6639747067549, vstest.console.dll, TestPluginCache: Discoverers are ''.
TpTrace Verbose: 0 : 21016, 1, 2024/07/12, 10:42:03.195, 6639747068006, vstest.console.dll, TestPluginCache: Executors are ''.
TpTrace Verbose: 0 : 21016, 1, 2024/07/12, 10:42:03.195, 6639747068474, vstest.console.dll, TestPluginCache: Executors2 are ''.
TpTrace Verbose: 0 : 21016, 1, 2024/07/12, 10:42:03.195, 6639747068875, vstest.console.dll, TestPluginCache: Setting providers are ''.
TpTrace Verbose: 0 : 21016, 1, 2024/07/12, 10:42:03.195, 6639747069369, vstest.console.dll, TestPluginCache: Loggers are ''.
TpTrace Verbose: 0 : 21016, 1, 2024/07/12, 10:42:03.195, 6639747071578, vstest.console.dll, TestPluginCache: TestHosts are 'HostProvider://DefaultTestHost,HostProvider://DotnetTestHost'.
TpTrace Verbose: 0 : 21016, 1, 2024/07/12, 10:42:03.195, 6639747072041, vstest.console.dll, TestPluginCache: DataCollectors are ''.
TpTrace Information: 0 : 21016, 1, 2024/07/12, 10:42:03.211, 6639747230626, vstest.console.dll, RunTestsArgumentProcessor:Execute: Test run is starting.
TpTrace Verbose: 0 : 21016, 1, 2024/07/12, 10:42:03.211, 6639747232087, vstest.console.dll, RunTestsArgumentProcessor:Execute: Queuing Test run.
TpTrace Information: 0 : 21016, 1, 2024/07/12, 10:42:03.212, 6639747235657, vstest.console.dll, TestRequestManager.RunTests: run tests started.
TpTrace Information: 0 : 21016, 1, 2024/07/12, 10:42:03.213, 6639747250325, vstest.console.dll, AssemblyMetadataProvider.GetFrameworkName: Determined framework:'.NETCoreApp,Version=v6.0' for source: 'C:\Users\VC\Desktop\onedayproject\ATM-app\solnATM\ATMTest\bin\Debug\net6.0\fine-code-coverage\build-output\ATMTest.dll'
TpTrace Information: 0 : 21016, 1, 2024/07/12, 10:42:03.213, 6639747252305, vstest.console.dll, Determined framework for all sources: .NETCoreApp,Version=v6.0
TpTrace Verbose: 0 : 21016, 1, 2024/07/12, 10:42:03.214, 6639747255792, vstest.console.dll, TestRequestManager.UpdateRunSettingsIfRequired: Default architecture: X64 IsDefaultTargetArchitecture: True, Current process architecture: X64 OperatingSystem: Windows.
TpTrace Information: 0 : 21016, 1, 2024/07/12, 10:42:03.216, 6639747277570, vstest.console.dll, AssemblyMetadataProvider.GetArchitecture: Determined architecture:AnyCPU info for assembly: C:\Users\VC\Desktop\onedayproject\ATM-app\solnATM\ATMTest\bin\Debug\net6.0\fine-code-coverage\build-output\ATMTest.dll
TpTrace Information: 0 : 21016, 1, 2024/07/12, 10:42:03.216, 6639747278755, vstest.console.dll, Determined platform for source 'C:\Users\VC\Desktop\onedayproject\ATM-app\solnATM\ATMTest\bin\Debug\net6.0\fine-code-coverage\build-output\ATMTest.dll' was AnyCPU and it will use the default plaform X64.
TpTrace Information: 0 : 21016, 1, 2024/07/12, 10:42:03.216, 6639747279098, vstest.console.dll, None of the sources provided any runnable platform, using the default platform: X64
TpTrace Information: 0 : 21016, 1, 2024/07/12, 10:42:03.216, 6639747280338, vstest.console.dll, Platform was updated to 'X64'.
TpTrace Information: 0 : 21016, 1, 2024/07/12, 10:42:03.219, 6639747315200, vstest.console.dll, InferRunSettingsHelper.IsTestSettingsEnabled: Unable to navigate to RunSettings/MSTest. Current node: RunSettings
TpTrace Information: 0 : 21016, 1, 2024/07/12, 10:42:03.220, 6639747324221, vstest.console.dll, AssemblyResolver.OnResolve: Microsoft.VisualStudio.TestPlatform.Fakes: Resolving assembly.
TpTrace Information: 0 : 21016, 1, 2024/07/12, 10:42:03.221, 6639747325345, vstest.console.dll, AssemblyResolver.OnResolve: Microsoft.VisualStudio.TestPlatform.Fakes: Searching in: 'C:\Program Files\dotnet\sdk\8.0.300\Extensions'.
TpTrace Information: 0 : 21016, 1, 2024/07/12, 10:42:03.221, 6639747326481, vstest.console.dll, AssemblyResolver.OnResolve: Microsoft.VisualStudio.TestPlatform.Fakes: Assembly path does not exist: 'C:\Program Files\dotnet\sdk\8.0.300\Extensions\Microsoft.VisualStudio.TestPlatform.Fakes.dll', returning.
TpTrace Information: 0 : 21016, 1, 2024/07/12, 10:42:03.221, 6639747327042, vstest.console.dll, AssemblyResolver.OnResolve: Microsoft.VisualStudio.TestPlatform.Fakes: Assembly path does not exist: 'C:\Program Files\dotnet\sdk\8.0.300\Extensions\Microsoft.VisualStudio.TestPlatform.Fakes.exe', returning.
TpTrace Information: 0 : 21016, 1, 2024/07/12, 10:42:03.221, 6639747327365, vstest.console.dll, AssemblyResolver.OnResolve: Microsoft.VisualStudio.TestPlatform.Fakes: Searching in: 'C:\Program Files\dotnet\sdk\8.0.300'.
TpTrace Information: 0 : 21016, 1, 2024/07/12, 10:42:03.221, 6639747327912, vstest.console.dll, AssemblyResolver.OnResolve: Microsoft.VisualStudio.TestPlatform.Fakes: Assembly path does not exist: 'C:\Program Files\dotnet\sdk\8.0.300\Microsoft.VisualStudio.TestPlatform.Fakes.dll', returning.
TpTrace Information: 0 : 21016, 1, 2024/07/12, 10:42:03.221, 6639747328468, vstest.console.dll, AssemblyResolver.OnResolve: Microsoft.VisualStudio.TestPlatform.Fakes: Assembly path does not exist: 'C:\Program Files\dotnet\sdk\8.0.300\Microsoft.VisualStudio.TestPlatform.Fakes.exe', returning.
TpTrace Information: 0 : 21016, 1, 2024/07/12, 10:42:03.221, 6639747328782, vstest.console.dll, AssemblyResolver.OnResolve: Microsoft.VisualStudio.TestPlatform.Fakes: Failed to load assembly.
TpTrace Information: 0 : 21016, 1, 2024/07/12, 10:42:03.221, 6639747331934, vstest.console.dll, Failed to load assembly Microsoft.VisualStudio.TestPlatform.Fakes, Version=17.0.0.0, Culture=neutral. Reason:System.IO.FileNotFoundException: Could not load file or assembly 'Microsoft.VisualStudio.TestPlatform.Fakes, Version=17.0.0.0, Culture=neutral, PublicKeyToken=null'. The system cannot find the file specified.
File name: 'Microsoft.VisualStudio.TestPlatform.Fakes, Version=17.0.0.0, Culture=neutral, PublicKeyToken=null'
   at System.Reflection.RuntimeAssembly.InternalLoad(AssemblyName assemblyName, StackCrawlMark& stackMark, AssemblyLoadContext assemblyLoadContext, RuntimeAssembly requestingAssembly, Boolean throwOnFileNotFound)
   at System.Reflection.Assembly.Load(AssemblyName assemblyRef)
   at Microsoft.VisualStudio.TestPlatform.Common.Utilities.FakesUtilities.LoadTestPlatformAssembly() in /_/src/Microsoft.TestPlatform.Common/Utilities/FakesUtilities.cs:line 272
TpTrace Verbose: 0 : 21016, 1, 2024/07/12, 10:42:03.225, 6639747373456, vstest.console.dll, TestPluginCache.DiscoverTestExtensions: finding test extensions in assemblies ends with: TestLogger.dll TPluginInfo: Microsoft.VisualStudio.TestPlatform.Common.ExtensionFramework.Utilities.TestLoggerPluginInformation TExtension: Microsoft.VisualStudio.TestPlatform.ObjectModel.Client.ITestLogger
TpTrace Verbose: 0 : 21016, 1, 2024/07/12, 10:42:03.225, 6639747375189, vstest.console.dll, TestPluginCache.GetExtensionPaths: Filtered extension paths: 
TpTrace Verbose: 0 : 21016, 1, 2024/07/12, 10:42:03.226, 6639747375637, vstest.console.dll, TestPluginCache.GetExtensionPaths: Added default extension paths: C:\Program Files\dotnet\sdk\8.0.300\Extensions\Microsoft.Diagnostics.NETCore.Client.dll
C:\Program Files\dotnet\sdk\8.0.300\Extensions\Microsoft.TestPlatform.Extensions.BlameDataCollector.dll
C:\Program Files\dotnet\sdk\8.0.300\Extensions\Microsoft.TestPlatform.Extensions.EventLogCollector.dll
C:\Program Files\dotnet\sdk\8.0.300\Extensions\Microsoft.TestPlatform.TestHostRuntimeProvider.dll
C:\Program Files\dotnet\sdk\8.0.300\Extensions\Microsoft.VisualStudio.TestPlatform.Extensions.Html.TestLogger.dll
C:\Program Files\dotnet\sdk\8.0.300\Extensions\Microsoft.VisualStudio.TestPlatform.Extensions.Trx.TestLogger.dll
TpTrace Verbose: 0 : 21016, 1, 2024/07/12, 10:42:03.226, 6639747375973, vstest.console.dll, TestPluginCache.GetExtensionPaths: Added unfilterableExtensionPaths: 
TpTrace Information: 0 : 21016, 1, 2024/07/12, 10:42:03.226, 6639747377529, vstest.console.dll, AssemblyResolver.AddSearchDirectories: Adding more searchDirectories C:\Program Files\dotnet\sdk\8.0.300\Extensions,C:\Program Files\dotnet\sdk\8.0.300
TpTrace Verbose: 0 : 21016, 1, 2024/07/12, 10:42:03.226, 6639747378026, vstest.console.dll, TestPluginCache.DiscoverTestExtensions: Discovering the extensions using extension path.
TpTrace Verbose: 0 : 21016, 1, 2024/07/12, 10:42:03.226, 6639747378394, vstest.console.dll, TestPluginCache.GetExtensionPaths: Filtered extension paths: 
TpTrace Verbose: 0 : 21016, 1, 2024/07/12, 10:42:03.226, 6639747378818, vstest.console.dll, TestPluginCache.GetExtensionPaths: Added default extension paths: C:\Program Files\dotnet\sdk\8.0.300\Extensions\Microsoft.Diagnostics.NETCore.Client.dll
C:\Program Files\dotnet\sdk\8.0.300\Extensions\Microsoft.TestPlatform.Extensions.BlameDataCollector.dll
C:\Program Files\dotnet\sdk\8.0.300\Extensions\Microsoft.TestPlatform.Extensions.EventLogCollector.dll
C:\Program Files\dotnet\sdk\8.0.300\Extensions\Microsoft.TestPlatform.TestHostRuntimeProvider.dll
C:\Program Files\dotnet\sdk\8.0.300\Extensions\Microsoft.VisualStudio.TestPlatform.Extensions.Html.TestLogger.dll
C:\Program Files\dotnet\sdk\8.0.300\Extensions\Microsoft.VisualStudio.TestPlatform.Extensions.Trx.TestLogger.dll
TpTrace Verbose: 0 : 21016, 1, 2024/07/12, 10:42:03.226, 6639747379149, vstest.console.dll, TestPluginCache.GetExtensionPaths: Added unfilterableExtensionPaths: 
TpTrace Verbose: 0 : 21016, 1, 2024/07/12, 10:42:03.226, 6639747379593, vstest.console.dll, TestPluginCache.DiscoverTestExtensions: Discovering the extensions using allExtensionPaths: C:\Program Files\dotnet\sdk\8.0.300\Extensions\Microsoft.Diagnostics.NETCore.Client.dll
C:\Program Files\dotnet\sdk\8.0.300\Extensions\Microsoft.TestPlatform.Extensions.BlameDataCollector.dll
C:\Program Files\dotnet\sdk\8.0.300\Extensions\Microsoft.TestPlatform.Extensions.EventLogCollector.dll
C:\Program Files\dotnet\sdk\8.0.300\Extensions\Microsoft.TestPlatform.TestHostRuntimeProvider.dll
C:\Program Files\dotnet\sdk\8.0.300\Extensions\Microsoft.VisualStudio.TestPlatform.Extensions.Html.TestLogger.dll
C:\Program Files\dotnet\sdk\8.0.300\Extensions\Microsoft.VisualStudio.TestPlatform.Extensions.Trx.TestLogger.dll
TpTrace Information: 0 : 21016, 1, 2024/07/12, 10:42:03.226, 6639747380670, vstest.console.dll, AssemblyResolver.AddSearchDirectories: Adding more searchDirectories C:\Program Files\dotnet\sdk\8.0.300\Extensions,C:\Program Files\dotnet\sdk\8.0.300
TpTrace Information: 0 : 21016, 1, 2024/07/12, 10:42:03.226, 6639747381140, vstest.console.dll, AssemblyResolver.AddSearchDirectories: Adding more searchDirectories C:\Program Files\dotnet\sdk\8.0.300\Extensions,C:\Program Files\dotnet\sdk\8.0.300
TpTrace Information: 0 : 21016, 1, 2024/07/12, 10:42:03.226, 6639747381468, vstest.console.dll, AssemblyResolver.AddSearchDirectories: Adding more searchDirectories C:\Program Files\dotnet\sdk\8.0.300\Extensions,C:\Program Files\dotnet\sdk\8.0.300
TpTrace Information: 0 : 21016, 1, 2024/07/12, 10:42:03.226, 6639747381823, vstest.console.dll, AssemblyResolver.AddSearchDirectories: Adding more searchDirectories C:\Program Files\dotnet\sdk\8.0.300\Extensions,C:\Program Files\dotnet\sdk\8.0.300
TpTrace Information: 0 : 21016, 1, 2024/07/12, 10:42:03.226, 6639747382139, vstest.console.dll, AssemblyResolver.AddSearchDirectories: Adding more searchDirectories C:\Program Files\dotnet\sdk\8.0.300\Extensions,C:\Program Files\dotnet\sdk\8.0.300
TpTrace Information: 0 : 21016, 1, 2024/07/12, 10:42:03.226, 6639747382520, vstest.console.dll, AssemblyResolver.AddSearchDirectories: Adding more searchDirectories C:\Program Files\dotnet\sdk\8.0.300\Extensions,C:\Program Files\dotnet\sdk\8.0.300
TpTrace Verbose: 0 : 21016, 1, 2024/07/12, 10:42:03.226, 6639747383672, vstest.console.dll, MetadataReaderExtensionsHelper: Discovering extensions inside assembly 'Microsoft.Diagnostics.NETCore.Client, Version=0.2.10.15101, Culture=neutral, PublicKeyToken=31bf3856ad364e35' file path 'C:\Program Files\dotnet\sdk\8.0.300\Extensions\Microsoft.Diagnostics.NETCore.Client.dll'
TpTrace Information: 0 : 21016, 1, 2024/07/12, 10:42:03.227, 6639747392612, vstest.console.dll, AssemblyResolver.OnResolve: Microsoft.Bcl.AsyncInterfaces: Resolving assembly.
TpTrace Information: 0 : 21016, 1, 2024/07/12, 10:42:03.227, 6639747393627, vstest.console.dll, AssemblyResolver.OnResolve: Microsoft.Bcl.AsyncInterfaces: Resolved from cache.
TpTrace Verbose: 0 : 21016, 1, 2024/07/12, 10:42:03.227, 6639747394106, vstest.console.dll, CurrentDomainAssemblyResolve: Resolving assembly 'Microsoft.Bcl.AsyncInterfaces'.
TpTrace Information: 0 : 21016, 1, 2024/07/12, 10:42:03.227, 6639747394627, vstest.console.dll, AssemblyResolver.OnResolve: Microsoft.Bcl.AsyncInterfaces: Resolving assembly.
TpTrace Information: 0 : 21016, 1, 2024/07/12, 10:42:03.227, 6639747394952, vstest.console.dll, AssemblyResolver.OnResolve: Microsoft.Bcl.AsyncInterfaces: Resolved from cache.
TpTrace Verbose: 0 : 21016, 1, 2024/07/12, 10:42:03.227, 6639747395245, vstest.console.dll, CurrentDomainAssemblyResolve: Resolving assembly 'Microsoft.Bcl.AsyncInterfaces'.
TpTrace Verbose: 0 : 21016, 1, 2024/07/12, 10:42:03.228, 6639747395540, vstest.console.dll, CurrentDomainAssemblyResolve: Failed to resolve assembly 'Microsoft.Bcl.AsyncInterfaces'.
TpTrace Verbose: 0 : 21016, 1, 2024/07/12, 10:42:03.228, 6639747397429, vstest.console.dll, CurrentDomainAssemblyResolve: Failed to resolve assembly 'Microsoft.Bcl.AsyncInterfaces'.
TpTrace Warning: 0 : 21016, 1, 2024/07/12, 10:42:03.228, 6639747401084, vstest.console.dll, TestPluginDiscoverer: Failed to get types from assembly 'Microsoft.Diagnostics.NETCore.Client, Version=0.2.10.15101, Culture=neutral, PublicKeyToken=31bf3856ad364e35'. Error: System.Reflection.ReflectionTypeLoadException: Unable to load one or more of the requested types.
Could not load file or assembly 'Microsoft.Bcl.AsyncInterfaces, Version=6.0.0.0, Culture=neutral, PublicKeyToken=cc7b13ffcd2ddd51'. The system cannot find the file specified.
   at System.Reflection.RuntimeModule.GetTypes(RuntimeModule module)
   at System.Reflection.RuntimeModule.GetTypes()
   at Microsoft.VisualStudio.TestPlatform.Common.ExtensionFramework.TestPluginDiscoverer.GetTestExtensionsFromAssembly[TPluginInfo,TExtension](Assembly assembly, Dictionary`2 pluginInfos, String filePath) in /_/src/Microsoft.TestPlatform.Common/ExtensionFramework/TestPluginDiscoverer.cs:line 158
System.IO.FileNotFoundException: Could not load file or assembly 'Microsoft.Bcl.AsyncInterfaces, Version=6.0.0.0, Culture=neutral, PublicKeyToken=cc7b13ffcd2ddd51'. The system cannot find the file specified.
File name: 'Microsoft.Bcl.AsyncInterfaces, Version=6.0.0.0, Culture=neutral, PublicKeyToken=cc7b13ffcd2ddd51'
 ---> System.IO.FileNotFoundException: Could not load file or assembly 'Microsoft.Bcl.AsyncInterfaces, Culture=neutral, PublicKeyToken=null'. The system cannot find the file specified.
File name: 'Microsoft.Bcl.AsyncInterfaces, Culture=neutral, PublicKeyToken=null'
   at System.Reflection.RuntimeAssembly.InternalLoad(AssemblyName assemblyName, StackCrawlMark& stackMark, AssemblyLoadContext assemblyLoadContext, RuntimeAssembly requestingAssembly, Boolean throwOnFileNotFound)
   at System.Reflection.Assembly.Load(AssemblyName assemblyRef)
   at Microsoft.VisualStudio.TestPlatform.Common.ExtensionFramework.TestPluginCache.CurrentDomainAssemblyResolve(Object sender, AssemblyResolveEventArgs args) in /_/src/Microsoft.TestPlatform.Common/ExtensionFramework/TestPluginCache.cs:line 513
   at System.Runtime.Loader.AssemblyLoadContext.GetFirstResolvedAssemblyFromResolvingEvent(AssemblyName assemblyName)
   at System.Runtime.Loader.AssemblyLoadContext.ResolveUsingEvent(AssemblyName assemblyName)
   at System.Runtime.Loader.AssemblyLoadContext.ResolveUsingResolvingEvent(IntPtr gchManagedAssemblyLoadContext, AssemblyName assemblyName)
TpTrace Warning: 0 : 21016, 1, 2024/07/12, 10:42:03.228, 6639747402938, vstest.console.dll, LoaderExceptions: System.IO.FileNotFoundException: Could not load file or assembly 'Microsoft.Bcl.AsyncInterfaces, Version=6.0.0.0, Culture=neutral, PublicKeyToken=cc7b13ffcd2ddd51'. The system cannot find the file specified.
File name: 'Microsoft.Bcl.AsyncInterfaces, Version=6.0.0.0, Culture=neutral, PublicKeyToken=cc7b13ffcd2ddd51'
 ---> System.IO.FileNotFoundException: Could not load file or assembly 'Microsoft.Bcl.AsyncInterfaces, Culture=neutral, PublicKeyToken=null'. The system cannot find the file specified.
File name: 'Microsoft.Bcl.AsyncInterfaces, Culture=neutral, PublicKeyToken=null'
   at System.Reflection.RuntimeAssembly.InternalLoad(AssemblyName assemblyName, StackCrawlMark& stackMark, AssemblyLoadContext assemblyLoadContext, RuntimeAssembly requestingAssembly, Boolean throwOnFileNotFound)
   at System.Reflection.Assembly.Load(AssemblyName assemblyRef)
   at Microsoft.VisualStudio.TestPlatform.Common.ExtensionFramework.TestPluginCache.CurrentDomainAssemblyResolve(Object sender, AssemblyResolveEventArgs args) in /_/src/Microsoft.TestPlatform.Common/ExtensionFramework/TestPluginCache.cs:line 513
   at System.Runtime.Loader.AssemblyLoadContext.GetFirstResolvedAssemblyFromResolvingEvent(AssemblyName assemblyName)
   at System.Runtime.Loader.AssemblyLoadContext.ResolveUsingEvent(AssemblyName assemblyName)
   at System.Runtime.Loader.AssemblyLoadContext.ResolveUsingResolvingEvent(IntPtr gchManagedAssemblyLoadContext, AssemblyName assemblyName)
TpTrace Verbose: 0 : 21016, 1, 2024/07/12, 10:42:03.228, 6639747403837, vstest.console.dll, MetadataReaderExtensionsHelper: Discovering extensions inside assembly 'Microsoft.TestPlatform.Extensions.BlameDataCollector, Version=15.0.0.0, Culture=neutral, PublicKeyToken=b03f5f7f11d50a3a' file path 'C:\Program Files\dotnet\sdk\8.0.300\Extensions\Microsoft.TestPlatform.Extensions.BlameDataCollector.dll'
TpTrace Information: 0 : 21016, 1, 2024/07/12, 10:42:03.229, 6639747410524, vstest.console.dll, GetTestExtensionFromType: Register extension with identifier data 'logger://Microsoft/TestPlatform/Extensions/Blame/v1' and type 'Microsoft.TestPlatform.Extensions.BlameDataCollector.BlameLogger, Microsoft.TestPlatform.Extensions.BlameDataCollector, Version=15.0.0.0, Culture=neutral, PublicKeyToken=b03f5f7f11d50a3a' inside file 'C:\Program Files\dotnet\sdk\8.0.300\Extensions\Microsoft.TestPlatform.Extensions.BlameDataCollector.dll'
TpTrace Verbose: 0 : 21016, 1, 2024/07/12, 10:42:03.229, 6639747412842, vstest.console.dll, MetadataReaderExtensionsHelper: Discovering extensions inside assembly 'Microsoft.TestPlatform.Extensions.EventLogCollector, Version=15.0.0.0, Culture=neutral, PublicKeyToken=b03f5f7f11d50a3a' file path 'C:\Program Files\dotnet\sdk\8.0.300\Extensions\Microsoft.TestPlatform.Extensions.EventLogCollector.dll'
TpTrace Verbose: 0 : 21016, 1, 2024/07/12, 10:42:03.230, 6639747421617, vstest.console.dll, MetadataReaderExtensionsHelper: Discovering extensions inside assembly 'Microsoft.TestPlatform.TestHostRuntimeProvider, Version=15.0.0.0, Culture=neutral, PublicKeyToken=b03f5f7f11d50a3a' file path 'C:\Program Files\dotnet\sdk\8.0.300\Extensions\Microsoft.TestPlatform.TestHostRuntimeProvider.dll'
TpTrace Verbose: 0 : 21016, 1, 2024/07/12, 10:42:03.231, 6639747428727, vstest.console.dll, MetadataReaderExtensionsHelper: Discovering extensions inside assembly 'Microsoft.VisualStudio.TestPlatform.Extensions.Html.TestLogger, Version=15.0.0.0, Culture=neutral, PublicKeyToken=b03f5f7f11d50a3a' file path 'C:\Program Files\dotnet\sdk\8.0.300\Extensions\Microsoft.VisualStudio.TestPlatform.Extensions.Html.TestLogger.dll'
TpTrace Information: 0 : 21016, 1, 2024/07/12, 10:42:03.232, 6639747440934, vstest.console.dll, GetTestExtensionFromType: Register extension with identifier data 'logger://Microsoft/TestPlatform/HtmlLogger/v1' and type 'Microsoft.VisualStudio.TestPlatform.Extensions.HtmlLogger.HtmlLogger, Microsoft.VisualStudio.TestPlatform.Extensions.Html.TestLogger, Version=15.0.0.0, Culture=neutral, PublicKeyToken=b03f5f7f11d50a3a' inside file 'C:\Program Files\dotnet\sdk\8.0.300\Extensions\Microsoft.VisualStudio.TestPlatform.Extensions.Html.TestLogger.dll'
TpTrace Verbose: 0 : 21016, 1, 2024/07/12, 10:42:03.232, 6639747443574, vstest.console.dll, MetadataReaderExtensionsHelper: Discovering extensions inside assembly 'Microsoft.VisualStudio.TestPlatform.Extensions.Trx.TestLogger, Version=15.0.0.0, Culture=neutral, PublicKeyToken=b03f5f7f11d50a3a' file path 'C:\Program Files\dotnet\sdk\8.0.300\Extensions\Microsoft.VisualStudio.TestPlatform.Extensions.Trx.TestLogger.dll'
TpTrace Information: 0 : 21016, 1, 2024/07/12, 10:42:03.233, 6639747450251, vstest.console.dll, GetTestExtensionFromType: Register extension with identifier data 'logger://Microsoft/TestPlatform/TrxLogger/v1' and type 'Microsoft.VisualStudio.TestPlatform.Extensions.TrxLogger.TrxLogger, Microsoft.VisualStudio.TestPlatform.Extensions.Trx.TestLogger, Version=15.0.0.0, Culture=neutral, PublicKeyToken=b03f5f7f11d50a3a' inside file 'C:\Program Files\dotnet\sdk\8.0.300\Extensions\Microsoft.VisualStudio.TestPlatform.Extensions.Trx.TestLogger.dll'
TpTrace Verbose: 0 : 21016, 1, 2024/07/12, 10:42:03.233, 6639747451781, vstest.console.dll, TestPluginCache: Discovered the extensions using extension path ''.
TpTrace Verbose: 0 : 21016, 1, 2024/07/12, 10:42:03.233, 6639747452362, vstest.console.dll, TestPluginCache: Discoverers are ''.
TpTrace Verbose: 0 : 21016, 1, 2024/07/12, 10:42:03.233, 6639747452794, vstest.console.dll, TestPluginCache: Executors are ''.
TpTrace Verbose: 0 : 21016, 1, 2024/07/12, 10:42:03.233, 6639747453256, vstest.console.dll, TestPluginCache: Executors2 are ''.
TpTrace Verbose: 0 : 21016, 1, 2024/07/12, 10:42:03.233, 6639747453664, vstest.console.dll, TestPluginCache: Setting providers are ''.
TpTrace Verbose: 0 : 21016, 1, 2024/07/12, 10:42:03.233, 6639747454915, vstest.console.dll, TestPluginCache: Loggers are 'logger://Microsoft/TestPlatform/Extensions/Blame/v1,logger://Microsoft/TestPlatform/HtmlLogger/v1,logger://Microsoft/TestPlatform/TrxLogger/v1'.
TpTrace Verbose: 0 : 21016, 1, 2024/07/12, 10:42:03.234, 6639747455730, vstest.console.dll, TestPluginCache: TestHosts are 'HostProvider://DefaultTestHost,HostProvider://DotnetTestHost'.
TpTrace Verbose: 0 : 21016, 1, 2024/07/12, 10:42:03.234, 6639747456239, vstest.console.dll, TestPluginCache: DataCollectors are ''.
TpTrace Information: 0 : 21016, 1, 2024/07/12, 10:42:03.235, 6639747470054, vstest.console.dll, TestPluginManager.CreateTestExtension: Attempting to load test extension: Microsoft.TestPlatform.Extensions.BlameDataCollector.BlameLogger
TpTrace Verbose: 0 : 21016, 1, 2024/07/12, 10:42:03.246, 6639747578871, vstest.console.dll, TestEngine: Initializing Parallel Execution as MaxCpuCount is set to: 1
TpTrace Information: 0 : 21016, 1, 2024/07/12, 10:42:03.248, 6639747602838, vstest.console.dll, TestPluginManager.CreateTestExtension: Attempting to load test extension: Microsoft.VisualStudio.TestPlatform.CrossPlatEngine.Hosting.DefaultTestHostManager
TpTrace Information: 0 : 21016, 1, 2024/07/12, 10:42:03.250, 6639747619740, vstest.console.dll, TestPluginManager.CreateTestExtension: Attempting to load test extension: Microsoft.VisualStudio.TestPlatform.CrossPlatEngine.Hosting.DotnetTestHostManager
TpTrace Information: 0 : 21016, 1, 2024/07/12, 10:42:03.251, 6639747630168, vstest.console.dll, InferRunSettingsHelper.IsTestSettingsEnabled: Unable to navigate to RunSettings/MSTest. Current node: RunSettings
TpTrace Verbose: 0 : 21016, 1, 2024/07/12, 10:42:03.253, 6639747646040, vstest.console.dll, ParallelOperationManager.ClearSlots: Clearing all slots. Slots should accept more work: True
TpTrace Verbose: 0 : 21016, 1, 2024/07/12, 10:42:03.254, 6639747656092, vstest.console.dll, ParallelOperationManager.SetOccupiedSlotCount: Setting slot counts AvailableSlotCount = 1, OccupiedSlotCount = 0.
TpTrace Verbose: 0 : 21016, 1, 2024/07/12, 10:42:03.254, 6639747660992, vstest.console.dll, Occupied slots:

TpTrace Verbose: 0 : 21016, 1, 2024/07/12, 10:42:03.258, 6639747704771, vstest.console.dll, TestEngine.GetExecutionManager: Chosen execution manager 'Microsoft.VisualStudio.TestPlatform.CrossPlatEngine.Client.Parallel.ParallelProxyExecutionManager, Microsoft.TestPlatform.CrossPlatEngine, Version=15.0.0.0, Culture=neutral, PublicKeyToken=b03f5f7f11d50a3a' ParallelLevel '1'.
TpTrace Verbose: 0 : 21016, 1, 2024/07/12, 10:42:03.259, 6639747707257, vstest.console.dll, TestRunRequest.ExecuteAsync: Creating test run request.
TpTrace Verbose: 0 : 21016, 1, 2024/07/12, 10:42:03.259, 6639747710181, vstest.console.dll, TestRunRequest.ExecuteAsync: Starting.
TpTrace Information: 0 : 21016, 1, 2024/07/12, 10:42:03.261, 6639747729911, vstest.console.dll, TestRunRequest.ExecuteAsync: Starting run with settings:TestRunCriteria:
   KeepAlive=False,FrequencyOfRunStatsChangeEvent=10,RunStatsChangeEventTimeout=00:00:01.5000000,TestCaseFilter=,TestExecutorLauncher=
   Settingsxml=<RunSettings>
  <RunConfiguration>
    <ResultsDirectory>C:\Users\VC\Desktop\onedayproject\ATM-app\solnATM\ATMTest\bin\Debug\net6.0\fine-code-coverage\coverage-tool-output</ResultsDirectory>
    <TargetPlatform>X64</TargetPlatform>
    <TargetFrameworkVersion>.NETCoreApp,Version=v6.0</TargetFrameworkVersion>
    <DesignMode>False</DesignMode>
    <CollectSourceInformation>False</CollectSourceInformation>
  </RunConfiguration>
  <LoggerRunSettings>
    <Loggers>
      <Logger friendlyName="blame" enabled="True" />
      <Logger friendlyName="Console" uri="logger://microsoft/TestPlatform/ConsoleLogger/v1" assemblyQualifiedName="Microsoft.VisualStudio.TestPlatform.CommandLine.Internal.ConsoleLogger, vstest.console, Version=15.0.0.0, Culture=neutral, PublicKeyToken=b03f5f7f11d50a3a" codeBase="C:\Program Files\dotnet\sdk\8.0.300\vstest.console.dll" enabled="True" />
    </Loggers>
  </LoggerRunSettings>
  <DataCollectionRunSettings>
    <DataCollectors>
      <DataCollector friendlyName="blame" enabled="True">
        <Configuration>
          <ResultsDirectory>C:\Users\VC\Desktop\onedayproject\ATM-app\solnATM\ATMTest\bin\Debug\net6.0\fine-code-coverage\coverage-tool-output</ResultsDirectory>
        </Configuration>
      </DataCollector>
    </DataCollectors>
  </DataCollectionRunSettings>
</RunSettings>

TpTrace Verbose: 0 : 21016, 1, 2024/07/12, 10:42:03.261, 6639747731890, vstest.console.dll, TestRunRequest.ExecuteAsync: Wait for the first run request is over.
TpTrace Verbose: 0 : 21016, 1, 2024/07/12, 10:42:03.262, 6639747737455, vstest.console.dll, MulticastDelegateUtilities.SafeInvoke: TestRun.TestRunStart: Invoking callbacks was skipped because there are no subscribers.
TpTrace Verbose: 0 : 21016, 4, 2024/07/12, 10:42:03.262, 6639747740754, vstest.console.dll, MulticastDelegateUtilities.SafeInvoke: InternalTestLoggerEvents.SendTestRunStart: Invoking callback 1/1 for Microsoft.VisualStudio.TestPlatform.CommandLine.Internal.ConsoleLogger., took 0 ms.
TpTrace Verbose: 0 : 21016, 1, 2024/07/12, 10:42:03.263, 6639747752707, vstest.console.dll, ParallelProxyExecutionManager: Start execution. Total sources: 1
TpTrace Verbose: 0 : 21016, 1, 2024/07/12, 10:42:03.264, 6639747758036, vstest.console.dll, ParallelOperationManager.StartWork: Starting adding 1 workloads.
TpTrace Verbose: 0 : 21016, 1, 2024/07/12, 10:42:03.264, 6639747759425, vstest.console.dll, ParallelOperationManager.ClearSlots: Clearing all slots. Slots should accept more work: True
TpTrace Verbose: 0 : 21016, 1, 2024/07/12, 10:42:03.264, 6639747763285, vstest.console.dll, ParallelOperationManager.SetOccupiedSlotCount: Setting slot counts AvailableSlotCount = 1, OccupiedSlotCount = 0.
TpTrace Verbose: 0 : 21016, 1, 2024/07/12, 10:42:03.264, 6639747764219, vstest.console.dll, Occupied slots:

TpTrace Verbose: 0 : 21016, 1, 2024/07/12, 10:42:03.266, 6639747780606, vstest.console.dll, TestRequestSender is acting as server.
TpTrace Verbose: 0 : 21016, 1, 2024/07/12, 10:42:03.268, 6639747801050, vstest.console.dll, ParallelOperationManager.RunWorkInParallel: Adding 1 workload to slot, remaining workloads 0.
TpTrace Verbose: 0 : 21016, 1, 2024/07/12, 10:42:03.268, 6639747802706, vstest.console.dll, ParallelOperationManager.SetOccupiedSlotCount: Setting slot counts AvailableSlotCount = 0, OccupiedSlotCount = 1.
TpTrace Verbose: 0 : 21016, 1, 2024/07/12, 10:42:03.268, 6639747804117, vstest.console.dll, Occupied slots:
0: C:\Users\VC\Desktop\onedayproject\ATM-app\solnATM\ATMTest\bin\Debug\net6.0\fine-code-coverage\build-output\ATMTest.dll
TpTrace Verbose: 0 : 21016, 1, 2024/07/12, 10:42:03.270, 6639747815669, vstest.console.dll, ParallelOperationManager.RunWorkInParallel: Started host in slot number 0 for work (source): C:\Users\VC\Desktop\onedayproject\ATM-app\solnATM\ATMTest\bin\Debug\net6.0\fine-code-coverage\build-output\ATMTest.dll.
TpTrace Verbose: 0 : 21016, 1, 2024/07/12, 10:42:03.271, 6639747830961, vstest.console.dll, ParallelOperationManager.RunWorkInParallel: We started 1 work items, which is the max parallel level. Won't start more work.
TpTrace Verbose: 0 : 21016, 1, 2024/07/12, 10:42:03.271, 6639747832800, vstest.console.dll, ParallelOperationManager.RunWorkInParallel: We started 1 work items in here, returning True.
TpTrace Verbose: 0 : 21016, 5, 2024/07/12, 10:42:03.271, 6639747832947, vstest.console.dll, ParallelProxyExecutionManager.StartTestRunOnConcurrentManager: Initializing uninitialized client. Started clients: 0
TpTrace Information: 0 : 21016, 1, 2024/07/12, 10:42:03.271, 6639747833321, vstest.console.dll, TestRunRequest.ExecuteAsync: Started.
TpTrace Verbose: 0 : 21016, 5, 2024/07/12, 10:42:03.272, 6639747835566, vstest.console.dll, DataCollectionRequestSender.InitializeCommunication : Initialize communication. 
TpTrace Verbose: 0 : 21016, 1, 2024/07/12, 10:42:03.272, 6639747842976, vstest.console.dll, TestRunRequest.WaitForCompletion: Waiting with timeout -1.
TpTrace Information: 0 : 21016, 5, 2024/07/12, 10:42:03.283, 6639747950215, vstest.console.dll, Listening on Endpoint : 127.0.0.1:49218
TpTrace Verbose: 0 : 21016, 5, 2024/07/12, 10:42:03.292, 6639748042735, vstest.console.dll, DotnetDataCollectionLauncher: Adding  --runtimeconfig "C:\Program Files\dotnet\sdk\8.0.300\datacollector.runtimeconfig.json" in args
TpTrace Verbose: 0 : 21016, 5, 2024/07/12, 10:42:03.293, 6639748045356, vstest.console.dll, DotnetDataCollectionLauncher: Adding  --depsfile "C:\Program Files\dotnet\sdk\8.0.300\datacollector.deps.json" in args
TpTrace Verbose: 0 : 21016, 5, 2024/07/12, 10:42:03.293, 6639748054476, vstest.console.dll, DotnetDataCollectionLauncher: Full path of dotnet.exe is C:\Program Files\dotnet\dotnet.exe
TpTrace Information: 0 : 21016, 5, 2024/07/12, 10:42:03.303, 6639748149402, vstest.console.dll, ProxyDataCollectionManager.Initialize: Launched datacollector processId: 27460 port: 49218
TpTrace Information: 0 : 21016, 5, 2024/07/12, 10:42:03.303, 6639748151759, vstest.console.dll, ProxyDataCollectionManager.Initialize: waiting for connection with timeout: 90 seconds
TpTrace Verbose: 0 : 21016, 5, 2024/07/12, 10:42:03.303, 6639748152567, vstest.console.dll, DataCollectionRequestSender.WaitForRequestHandlerConnection : Waiting for connection with timeout: 90000
TpTrace Information: 0 : 21016, 7, 2024/07/12, 10:42:03.534, 6639750459537, vstest.console.dll, Using the buffer size of 16384 bytes
TpTrace Verbose: 0 : 21016, 5, 2024/07/12, 10:42:03.534, 6639750459746, vstest.console.dll, SocketCommunicationManager.WaitForClientConnection took: 230 ms, with 90000 ms timeout, and finished with True.
TpTrace Information: 0 : 21016, 7, 2024/07/12, 10:42:03.534, 6639750461615, vstest.console.dll, Accepted Client request and set the flag
TpTrace Verbose: 0 : 21016, 5, 2024/07/12, 10:42:03.534, 6639750463238, vstest.console.dll, ProxyDataCollectionManager.InvokeDataCollectionServiceAction: Starting.
TpTrace Information: 0 : 21016, 5, 2024/07/12, 10:42:03.534, 6639750464396, vstest.console.dll, ProxyDataCollectionManager.BeforeTestRunStart: Get environment variable and port for datacollector processId: 27460 port: 49218
TpTrace Verbose: 0 : 21016, 5, 2024/07/12, 10:42:03.535, 6639750466065, vstest.console.dll, DataCollectionRequestSender.SendBeforeTestRunStartAndGetResult: Send BeforeTestRunStart message with settingsXml <RunSettings><RunConfiguration><ResultsDirectory>C:\Users\VC\Desktop\onedayproject\ATM-app\solnATM\ATMTest\bin\Debug\net6.0\fine-code-coverage\coverage-tool-output</ResultsDirectory><TargetPlatform>X64</TargetPlatform><TargetFrameworkVersion>.NETCoreApp,Version=v6.0</TargetFrameworkVersion><DesignMode>False</DesignMode><CollectSourceInformation>False</CollectSourceInformation><TestAdaptersPaths>C:\Program Files\dotnet\sdk\8.0.300\Extensions</TestAdaptersPaths></RunConfiguration><LoggerRunSettings><Loggers><Logger friendlyName="blame" enabled="True" /><Logger friendlyName="Console" uri="logger://microsoft/TestPlatform/ConsoleLogger/v1" assemblyQualifiedName="Microsoft.VisualStudio.TestPlatform.CommandLine.Internal.ConsoleLogger, vstest.console, Version=15.0.0.0, Culture=neutral, PublicKeyToken=b03f5f7f11d50a3a" codeBase="C:\Program Files\dotnet\sdk\8.0.300\vstest.console.dll" enabled="True" /></Loggers></LoggerRunSettings><DataCollectionRunSettings><DataCollectors><DataCollector friendlyName="blame" enabled="True"><Configuration><ResultsDirectory>C:\Users\VC\Desktop\onedayproject\ATM-app\solnATM\ATMTest\bin\Debug\net6.0\fine-code-coverage\coverage-tool-output</ResultsDirectory></Configuration></DataCollector></DataCollectors></DataCollectionRunSettings></RunSettings> and sources System.Collections.Generic.List`1[System.String]: 
TpTrace Verbose: 0 : 21016, 5, 2024/07/12, 10:42:03.622, 6639751338259, vstest.console.dll, DataCollectionRequestSender.SendBeforeTestRunStartAndGetResult: Received message: (DataCollection.SendMessage) -> {"MessageType":"DataCollection.SendMessage","Payload":{"FriendlyName":null,"Uri":null,"TestCaseId":"00000000-0000-0000-0000-000000000000","Message":"Logging DataCollector Diagnostics in file: C:\\Users\\VC\\Desktop\\onedayproject\\ATM-app\\solnATM\\ATMTest\\bin\\Debug\\net6.0\\fine-code-coverage\\coverage-tool-output\\diagnostics.datacollector.24-07-12_10-42-03_29230_5.log","Level":0}}
TpTrace Verbose: 0 : 21016, 5, 2024/07/12, 10:42:03.784, 6639752961666, vstest.console.dll, DataCollectionRequestSender.SendBeforeTestRunStartAndGetResult: Received message: (DataCollection.BeforeTestRunStartResult) -> {"MessageType":"DataCollection.BeforeTestRunStartResult","Payload":{"EnvironmentVariables":{},"DataCollectionEventsPort":49220}}
TpTrace Information: 0 : 21016, 5, 2024/07/12, 10:42:03.789, 6639753014840, vstest.console.dll, ProxyDataCollectionManager.BeforeTestRunStart: SendBeforeTestRunStartAndGetResult successful, env variable from datacollector:   and testhost port: 49220
TpTrace Information: 0 : 21016, 5, 2024/07/12, 10:42:03.790, 6639753016852, vstest.console.dll, ProxyDataCollectionManager.InvokeDataCollectionServiceAction: Completed.
TpTrace Verbose: 0 : 21016, 5, 2024/07/12, 10:42:03.790, 6639753017522, vstest.console.dll, ParallelProxyExecutionManager.StartTestRunOnConcurrentManager: Initializing test run. Started clients: 0
TpTrace Verbose: 0 : 21016, 5, 2024/07/12, 10:42:03.790, 6639753018929, vstest.console.dll, ProxyExecutionManager: Test host is always Lazy initialize.
TpTrace Verbose: 0 : 21016, 5, 2024/07/12, 10:42:03.790, 6639753022887, vstest.console.dll, TestRequestSender.InitializeCommunication: initialize communication. 
TpTrace Information: 0 : 21016, 5, 2024/07/12, 10:42:03.791, 6639753031302, vstest.console.dll, SocketServer.Start: Listening on endpoint : 127.0.0.1:49221
TpTrace Verbose: 0 : 21016, 5, 2024/07/12, 10:42:03.792, 6639753040387, vstest.console.dll, DotnetTestHostmanager.GetTestHostProcessStartInfo: Platform environment 'X64' target architecture 'X64' framework '.NETCoreApp,Version=v6.0' OS 'Windows'
TpTrace Verbose: 0 : 21016, 5, 2024/07/12, 10:42:03.792, 6639753043443, vstest.console.dll, DotnetTestHostmanager: Adding  --runtimeconfig "C:\Users\VC\Desktop\onedayproject\ATM-app\solnATM\ATMTest\bin\Debug\net6.0\fine-code-coverage\build-output\ATMTest.runtimeconfig.json" in args
TpTrace Verbose: 0 : 21016, 5, 2024/07/12, 10:42:03.792, 6639753044527, vstest.console.dll, DotnetTestHostmanager: Adding  --depsfile "C:\Users\VC\Desktop\onedayproject\ATM-app\solnATM\ATMTest\bin\Debug\net6.0\fine-code-coverage\build-output\ATMTest.deps.json" in args
TpTrace Verbose: 0 : 21016, 5, 2024/07/12, 10:42:03.793, 6639753047924, vstest.console.dll, DotnetTestHostmanager.IsWinOnArm: Current PROCESSOR_ARCHITECTURE from environment variable 'AMD64'
TpTrace Verbose: 0 : 21016, 5, 2024/07/12, 10:42:03.793, 6639753048729, vstest.console.dll, DotnetTestHostmanager.IsWinOnArm: Is Windows on ARM 'False'
TpTrace Verbose: 0 : 21016, 5, 2024/07/12, 10:42:03.793, 6639753049757, vstest.console.dll, DotnetTestHostManager: testhost.exe found at path: C:\Users\VC\Desktop\onedayproject\ATM-app\solnATM\ATMTest\bin\Debug\net6.0\fine-code-coverage\build-output\testhost.exe
TpTrace Verbose: 0 : 21016, 5, 2024/07/12, 10:42:03.793, 6639753050199, vstest.console.dll, DotnetTestHostmanager: Full path of host exe is C:\Users\VC\Desktop\onedayproject\ATM-app\solnATM\ATMTest\bin\Debug\net6.0\fine-code-coverage\build-output\testhost.exe
TpTrace Verbose: 0 : 21016, 5, 2024/07/12, 10:42:03.793, 6639753051588, vstest.console.dll, DotnetTestHostmanager.LaunchTestHostAsync: Found 'VSTEST_WINAPPHOST_DOTNET_ROOT' in env variables, value 'C:\Program Files\dotnet', forwarding to 'DOTNET_ROOT'
TpTrace Verbose: 0 : 21016, 5, 2024/07/12, 10:42:03.793, 6639753053051, vstest.console.dll, DotnetTestHostManager: Starting process 'C:\Users\VC\Desktop\onedayproject\ATM-app\solnATM\ATMTest\bin\Debug\net6.0\fine-code-coverage\build-output\testhost.exe' with command line ' --runtimeconfig "C:\Users\VC\Desktop\onedayproject\ATM-app\solnATM\ATMTest\bin\Debug\net6.0\fine-code-coverage\build-output\ATMTest.runtimeconfig.json" --depsfile "C:\Users\VC\Desktop\onedayproject\ATM-app\solnATM\ATMTest\bin\Debug\net6.0\fine-code-coverage\build-output\ATMTest.deps.json" --port 49221 --endpoint 127.0.0.1:049221 --role client --parentprocessid 21016 --diag "C:\Users\VC\Desktop\onedayproject\ATM-app\solnATM\ATMTest\bin\Debug\net6.0\fine-code-coverage\coverage-tool-output\diagnostics.host.24-07-12_10-42-03_79206_5.log" --tracelevel 4 --datacollectionport 49220 --telemetryoptedin false'
TpTrace Verbose: 0 : 21016, 5, 2024/07/12, 10:42:03.801, 6639753126640, vstest.console.dll, MulticastDelegateUtilities.SafeInvoke: HostProviderEvents.OnHostLaunched: Invoking callback 1/2 for Microsoft.VisualStudio.TestPlatform.CrossPlatEngine.Client.ProxyExecutionManagerWithDataCollection., took 1 ms.
TpTrace Verbose: 0 : 21016, 5, 2024/07/12, 10:42:03.801, 6639753133230, vstest.console.dll, Test Runtime launched
TpTrace Verbose: 0 : 21016, 5, 2024/07/12, 10:42:03.801, 6639753134630, vstest.console.dll, MulticastDelegateUtilities.SafeInvoke: HostProviderEvents.OnHostLaunched: Invoking callback 2/2 for Microsoft.VisualStudio.TestPlatform.CrossPlatEngine.Client.ProxyOperationManager., took 0 ms.
TpTrace Verbose: 0 : 21016, 5, 2024/07/12, 10:42:03.802, 6639753136847, vstest.console.dll, TestRequestSender.WaitForRequestHandlerConnection: waiting for connection with timeout: 90000.
TpTrace Verbose: 0 : 21016, 5, 2024/07/12, 10:42:04.079, 6639755911734, vstest.console.dll, TestRequestSender.WaitForRequestHandlerConnection: waiting took 277 ms, with timeout 90000 ms, and result 0, which is success.
TpTrace Verbose: 0 : 21016, 7, 2024/07/12, 10:42:04.079, 6639755911681, vstest.console.dll, MulticastDelegateUtilities.SafeInvoke: SocketServer: ClientConnected: Invoking callback 1/1 for Microsoft.VisualStudio.TestPlatform.CommunicationUtilities.TestRequestSender., took 0 ms.
TpTrace Verbose: 0 : 21016, 7, 2024/07/12, 10:42:04.079, 6639755915272, vstest.console.dll, SocketServer.OnClientConnected: Client connected for endPoint: 127.0.0.1:49221, starting MessageLoopAsync:
TpTrace Verbose: 0 : 21016, 13, 2024/07/12, 10:42:04.080, 6639755923701, vstest.console.dll, TcpClientExtensions.MessageLoopAsync: Polling on remoteEndPoint: 127.0.0.1:49222 localEndPoint: 127.0.0.1:49221 after 0 ms
TpTrace Verbose: 0 : 21016, 5, 2024/07/12, 10:42:04.081, 6639755933959, vstest.console.dll, TestRequestSender.CheckVersionWithTestHost: Sending check version message: {"MessageType":"ProtocolVersion","Payload":7}
TpTrace Verbose: 0 : 21016, 13, 2024/07/12, 10:42:04.312, 6639758236890, vstest.console.dll, TcpClientExtensions.MessageLoopAsync: NotifyDataAvailable remoteEndPoint: 127.0.0.1:49222 localEndPoint: 127.0.0.1:49221
TpTrace Verbose: 0 : 21016, 13, 2024/07/12, 10:42:04.312, 6639758240140, vstest.console.dll, TestRequestSender.CheckVersionWithTestHost: onMessageReceived received message: (ProtocolVersion) -> {"MessageType":"ProtocolVersion","Payload":7}
TpTrace Verbose: 0 : 21016, 13, 2024/07/12, 10:42:04.313, 6639758248003, vstest.console.dll, MulticastDelegateUtilities.SafeInvoke: LengthPrefixCommunicationChannel: MessageReceived: Invoking callback 1/1 for Microsoft.VisualStudio.TestPlatform.CommunicationUtilities.TestRequestSender+<>c__DisplayClass29_0., took 0 ms.
TpTrace Verbose: 0 : 21016, 13, 2024/07/12, 10:42:04.313, 6639758249580, vstest.console.dll, TcpClientExtensions.MessageLoopAsync: Polling on remoteEndPoint: 127.0.0.1:49222 localEndPoint: 127.0.0.1:49221 after 232 ms
TpTrace Verbose: 0 : 21016, 5, 2024/07/12, 10:42:04.313, 6639758250505, vstest.console.dll, TestPluginCache.GetExtensionPaths: Filtered extension paths: 
TpTrace Verbose: 0 : 21016, 5, 2024/07/12, 10:42:04.313, 6639758251162, vstest.console.dll, TestPluginCache.GetExtensionPaths: Added default extension paths: C:\Program Files\dotnet\sdk\8.0.300\Extensions\Microsoft.Diagnostics.NETCore.Client.dll
C:\Program Files\dotnet\sdk\8.0.300\Extensions\Microsoft.TestPlatform.Extensions.BlameDataCollector.dll
C:\Program Files\dotnet\sdk\8.0.300\Extensions\Microsoft.TestPlatform.Extensions.EventLogCollector.dll
C:\Program Files\dotnet\sdk\8.0.300\Extensions\Microsoft.TestPlatform.TestHostRuntimeProvider.dll
C:\Program Files\dotnet\sdk\8.0.300\Extensions\Microsoft.VisualStudio.TestPlatform.Extensions.Html.TestLogger.dll
C:\Program Files\dotnet\sdk\8.0.300\Extensions\Microsoft.VisualStudio.TestPlatform.Extensions.Trx.TestLogger.dll
TpTrace Verbose: 0 : 21016, 5, 2024/07/12, 10:42:04.313, 6639758253791, vstest.console.dll, TestPluginCache.GetExtensionPaths: Added unfilterableExtensionPaths: 
TpTrace Verbose: 0 : 21016, 5, 2024/07/12, 10:42:04.317, 6639758293029, vstest.console.dll, TestRequestSender.InitializeExecution: Sending initialize execution with message: {"Version":7,"MessageType":"TestExecution.Initialize","Payload":["C:\\Users\\VC\\Desktop\\onedayproject\\ATM-app\\solnATM\\ATMTest\\bin\\Debug\\net6.0\\fine-code-coverage\\build-output\\NUnit3.TestAdapter.dll"]}
TpTrace Verbose: 0 : 21016, 5, 2024/07/12, 10:42:04.318, 6639758296200, vstest.console.dll, ParallelProxyExecutionManager.StartTestRunOnConcurrentManager: Execution starting. Started clients: 1
TpTrace Verbose: 0 : 21016, 5, 2024/07/12, 10:42:04.318, 6639758300044, vstest.console.dll, TestRunRequest:SendTestRunMessage: Starting.
TpTrace Verbose: 0 : 21016, 5, 2024/07/12, 10:42:04.318, 6639758302631, vstest.console.dll, MulticastDelegateUtilities.SafeInvoke: TestRun.LogMessages: Invoking callback 1/1 for Microsoft.VisualStudio.TestPlatform.CommandLine.TestRunResultAggregator., took 0 ms.
TpTrace Information: 0 : 21016, 5, 2024/07/12, 10:42:04.318, 6639758303363, vstest.console.dll, TestRunRequest:SendTestRunMessage: Completed.
TpTrace Verbose: 0 : 21016, 4, 2024/07/12, 10:42:04.319, 6639758305676, vstest.console.dll, MulticastDelegateUtilities.SafeInvoke: InternalTestLoggerEvents.SendTestRunMessage: Invoking callback 1/1 for Microsoft.VisualStudio.TestPlatform.CommandLine.Internal.ConsoleLogger., took 0 ms.
TpTrace Warning: 0 : 21016, 5, 2024/07/12, 10:42:04.319, 6639758309420, vstest.console.dll, InferRunSettingsHelper.MakeRunsettingsCompatible: Removing the following settings: TargetPlatform from RunSettings file. To use those settings please move to latest version of Microsoft.NET.Test.Sdk
TpTrace Verbose: 0 : 21016, 13, 2024/07/12, 10:42:04.320, 6639758321037, vstest.console.dll, TcpClientExtensions.MessageLoopAsync: NotifyDataAvailable remoteEndPoint: 127.0.0.1:49222 localEndPoint: 127.0.0.1:49221
TpTrace Verbose: 0 : 21016, 13, 2024/07/12, 10:42:04.321, 6639758327559, vstest.console.dll, TestRequestSender.OnExecutionMessageReceived: Received message: {"Version":7,"MessageType":"TestSession.Message","Payload":{"MessageLevel":0,"Message":"Logging TestHost Diagnostics in file: C:\\Users\\VC\\Desktop\\onedayproject\\ATM-app\\solnATM\\ATMTest\\bin\\Debug\\net6.0\\fine-code-coverage\\coverage-tool-output\\diagnostics.host.24-07-12_10-42-03_79206_5.log"}}
TpTrace Verbose: 0 : 21016, 13, 2024/07/12, 10:42:04.324, 6639758357511, vstest.console.dll, TestRunRequest:SendTestRunMessage: Starting.
TpTrace Verbose: 0 : 21016, 13, 2024/07/12, 10:42:04.324, 6639758359361, vstest.console.dll, MulticastDelegateUtilities.SafeInvoke: TestRun.LogMessages: Invoking callback 1/1 for Microsoft.VisualStudio.TestPlatform.CommandLine.TestRunResultAggregator., took 0 ms.
TpTrace Information: 0 : 21016, 13, 2024/07/12, 10:42:04.324, 6639758359748, vstest.console.dll, TestRunRequest:SendTestRunMessage: Completed.
TpTrace Verbose: 0 : 21016, 4, 2024/07/12, 10:42:04.324, 6639758359833, vstest.console.dll, MulticastDelegateUtilities.SafeInvoke: InternalTestLoggerEvents.SendTestRunMessage: Invoking callback 1/1 for Microsoft.VisualStudio.TestPlatform.CommandLine.Internal.ConsoleLogger., took 0 ms.
TpTrace Verbose: 0 : 21016, 13, 2024/07/12, 10:42:04.324, 6639758360167, vstest.console.dll, MulticastDelegateUtilities.SafeInvoke: LengthPrefixCommunicationChannel: MessageReceived: Invoking callback 1/1 for Microsoft.VisualStudio.TestPlatform.CommunicationUtilities.TestRequestSender+<>c__DisplayClass34_0., took 3 ms.
TpTrace Verbose: 0 : 21016, 13, 2024/07/12, 10:42:04.324, 6639758365099, vstest.console.dll, TcpClientExtensions.MessageLoopAsync: Polling on remoteEndPoint: 127.0.0.1:49222 localEndPoint: 127.0.0.1:49221 after 11 ms
TpTrace Verbose: 0 : 21016, 5, 2024/07/12, 10:42:04.331, 6639758432381, vstest.console.dll, TestRequestSender.StartTestRun: Sending test run with message: {"Version":7,"MessageType":"TestExecution.StartWithSources","Payload":{"AdapterSourceMap":{"_none_":["C:\\Users\\VC\\Desktop\\onedayproject\\ATM-app\\solnATM\\ATMTest\\bin\\Debug\\net6.0\\fine-code-coverage\\build-output\\ATMTest.dll"]},"RunSettings":"<RunSettings>\r\n  <RunConfiguration>\r\n    <ResultsDirectory>C:\\Users\\VC\\Desktop\\onedayproject\\ATM-app\\solnATM\\ATMTest\\bin\\Debug\\net6.0\\fine-code-coverage\\coverage-tool-output</ResultsDirectory>\r\n    <TargetFrameworkVersion>.NETCoreApp,Version=v6.0</TargetFrameworkVersion>\r\n    <DesignMode>False</DesignMode>\r\n    <CollectSourceInformation>False</CollectSourceInformation>\r\n  </RunConfiguration>\r\n  <LoggerRunSettings>\r\n    <Loggers>\r\n      <Logger friendlyName=\"blame\" enabled=\"True\" />\r\n      <Logger friendlyName=\"Console\" uri=\"logger://microsoft/TestPlatform/ConsoleLogger/v1\" assemblyQualifiedName=\"Microsoft.VisualStudio.TestPlatform.CommandLine.Internal.ConsoleLogger, vstest.console, Version=15.0.0.0, Culture=neutral, PublicKeyToken=b03f5f7f11d50a3a\" codeBase=\"C:\\Program Files\\dotnet\\sdk\\8.0.300\\vstest.console.dll\" enabled=\"True\" />\r\n    </Loggers>\r\n  </LoggerRunSettings>\r\n  <DataCollectionRunSettings>\r\n    <DataCollectors>\r\n      <DataCollector friendlyName=\"blame\" enabled=\"True\">\r\n        <Configuration>\r\n          <ResultsDirectory>C:\\Users\\VC\\Desktop\\onedayproject\\ATM-app\\solnATM\\ATMTest\\bin\\Debug\\net6.0\\fine-code-coverage\\coverage-tool-output</ResultsDirectory>\r\n        </Configuration>\r\n      </DataCollector>\r\n    </DataCollectors>\r\n  </DataCollectionRunSettings>\r\n</RunSettings>","TestExecutionContext":{"FrequencyOfRunStatsChangeEvent":10,"RunStatsChangeEventTimeout":"00:00:01.5000000","InIsolation":false,"KeepAlive":false,"AreTestCaseLevelEventsRequired":false,"IsDebug":false,"TestCaseFilter":null,"FilterOptions":null},"Package":null}}
TpTrace Verbose: 0 : 21016, 5, 2024/07/12, 10:42:04.332, 6639758437936, vstest.console.dll, ParallelProxyExecutionManager.StartTestRunOnConcurrentManager: Execution started. Started clients: 1
TpTrace Verbose: 0 : 21016, 13, 2024/07/12, 10:42:04.542, 6639760535302, vstest.console.dll, TcpClientExtensions.MessageLoopAsync: NotifyDataAvailable remoteEndPoint: 127.0.0.1:49222 localEndPoint: 127.0.0.1:49221
TpTrace Verbose: 0 : 21016, 13, 2024/07/12, 10:42:04.542, 6639760537339, vstest.console.dll, TestRequestSender.OnExecutionMessageReceived: Received message: {"Version":7,"MessageType":"TestSession.Message","Payload":{"MessageLevel":0,"Message":"NUnit Adapter 4.4.0.0: Test execution started"}}
TpTrace Verbose: 0 : 21016, 13, 2024/07/12, 10:42:04.542, 6639760539152, vstest.console.dll, TestRunRequest:SendTestRunMessage: Starting.
TpTrace Verbose: 0 : 21016, 13, 2024/07/12, 10:42:04.542, 6639760539813, vstest.console.dll, MulticastDelegateUtilities.SafeInvoke: TestRun.LogMessages: Invoking callback 1/1 for Microsoft.VisualStudio.TestPlatform.CommandLine.TestRunResultAggregator., took 0 ms.
TpTrace Information: 0 : 21016, 13, 2024/07/12, 10:42:04.542, 6639760540099, vstest.console.dll, TestRunRequest:SendTestRunMessage: Completed.
TpTrace Verbose: 0 : 21016, 13, 2024/07/12, 10:42:04.542, 6639760540389, vstest.console.dll, MulticastDelegateUtilities.SafeInvoke: LengthPrefixCommunicationChannel: MessageReceived: Invoking callback 1/1 for Microsoft.VisualStudio.TestPlatform.CommunicationUtilities.TestRequestSender+<>c__DisplayClass34_0., took 0 ms.
TpTrace Verbose: 0 : 21016, 4, 2024/07/12, 10:42:04.542, 6639760540528, vstest.console.dll, MulticastDelegateUtilities.SafeInvoke: InternalTestLoggerEvents.SendTestRunMessage: Invoking callback 1/1 for Microsoft.VisualStudio.TestPlatform.CommandLine.Internal.ConsoleLogger., took 0 ms.
TpTrace Verbose: 0 : 21016, 13, 2024/07/12, 10:42:04.542, 6639760540765, vstest.console.dll, TcpClientExtensions.MessageLoopAsync: Polling on remoteEndPoint: 127.0.0.1:49222 localEndPoint: 127.0.0.1:49221 after 217 ms
TpTrace Verbose: 0 : 21016, 13, 2024/07/12, 10:42:04.578, 6639760895896, vstest.console.dll, TcpClientExtensions.MessageLoopAsync: NotifyDataAvailable remoteEndPoint: 127.0.0.1:49222 localEndPoint: 127.0.0.1:49221
TpTrace Verbose: 0 : 21016, 13, 2024/07/12, 10:42:04.578, 6639760898018, vstest.console.dll, TestRequestSender.OnExecutionMessageReceived: Received message: {"Version":7,"MessageType":"TestSession.Message","Payload":{"MessageLevel":0,"Message":"Running all tests in C:\\Users\\VC\\Desktop\\onedayproject\\ATM-app\\solnATM\\ATMTest\\bin\\Debug\\net6.0\\fine-code-coverage\\build-output\\ATMTest.dll"}}
TpTrace Verbose: 0 : 21016, 13, 2024/07/12, 10:42:04.578, 6639760899485, vstest.console.dll, TestRunRequest:SendTestRunMessage: Starting.
TpTrace Verbose: 0 : 21016, 13, 2024/07/12, 10:42:04.578, 6639760900160, vstest.console.dll, MulticastDelegateUtilities.SafeInvoke: TestRun.LogMessages: Invoking callback 1/1 for Microsoft.VisualStudio.TestPlatform.CommandLine.TestRunResultAggregator., took 0 ms.
TpTrace Information: 0 : 21016, 13, 2024/07/12, 10:42:04.578, 6639760900489, vstest.console.dll, TestRunRequest:SendTestRunMessage: Completed.
TpTrace Verbose: 0 : 21016, 13, 2024/07/12, 10:42:04.578, 6639760900814, vstest.console.dll, MulticastDelegateUtilities.SafeInvoke: LengthPrefixCommunicationChannel: MessageReceived: Invoking callback 1/1 for Microsoft.VisualStudio.TestPlatform.CommunicationUtilities.TestRequestSender+<>c__DisplayClass34_0., took 0 ms.
TpTrace Verbose: 0 : 21016, 4, 2024/07/12, 10:42:04.578, 6639760900994, vstest.console.dll, MulticastDelegateUtilities.SafeInvoke: InternalTestLoggerEvents.SendTestRunMessage: Invoking callback 1/1 for Microsoft.VisualStudio.TestPlatform.CommandLine.Internal.ConsoleLogger., took 0 ms.
TpTrace Verbose: 0 : 21016, 13, 2024/07/12, 10:42:04.578, 6639760901174, vstest.console.dll, TcpClientExtensions.MessageLoopAsync: Polling on remoteEndPoint: 127.0.0.1:49222 localEndPoint: 127.0.0.1:49221 after 35 ms
TpTrace Verbose: 0 : 21016, 13, 2024/07/12, 10:42:04.736, 6639762476201, vstest.console.dll, TcpClientExtensions.MessageLoopAsync: NotifyDataAvailable remoteEndPoint: 127.0.0.1:49222 localEndPoint: 127.0.0.1:49221
TpTrace Verbose: 0 : 21016, 13, 2024/07/12, 10:42:04.736, 6639762478934, vstest.console.dll, TestRequestSender.OnExecutionMessageReceived: Received message: {"Version":7,"MessageType":"TestSession.Message","Payload":{"MessageLevel":0,"Message":"   NUnit3TestExecutor discovered 26 of 26 NUnit test cases using Current Discovery mode, Non-Explicit run"}}
TpTrace Verbose: 0 : 21016, 13, 2024/07/12, 10:42:04.736, 6639762480659, vstest.console.dll, TestRunRequest:SendTestRunMessage: Starting.
TpTrace Verbose: 0 : 21016, 13, 2024/07/12, 10:42:04.736, 6639762481261, vstest.console.dll, MulticastDelegateUtilities.SafeInvoke: TestRun.LogMessages: Invoking callback 1/1 for Microsoft.VisualStudio.TestPlatform.CommandLine.TestRunResultAggregator., took 0 ms.
TpTrace Information: 0 : 21016, 13, 2024/07/12, 10:42:04.736, 6639762481558, vstest.console.dll, TestRunRequest:SendTestRunMessage: Completed.
TpTrace Verbose: 0 : 21016, 13, 2024/07/12, 10:42:04.736, 6639762481854, vstest.console.dll, MulticastDelegateUtilities.SafeInvoke: LengthPrefixCommunicationChannel: MessageReceived: Invoking callback 1/1 for Microsoft.VisualStudio.TestPlatform.CommunicationUtilities.TestRequestSender+<>c__DisplayClass34_0., took 0 ms.
TpTrace Verbose: 0 : 21016, 13, 2024/07/12, 10:42:04.736, 6639762482169, vstest.console.dll, TcpClientExtensions.MessageLoopAsync: Polling on remoteEndPoint: 127.0.0.1:49222 localEndPoint: 127.0.0.1:49221 after 157 ms
TpTrace Verbose: 0 : 21016, 4, 2024/07/12, 10:42:04.736, 6639762482649, vstest.console.dll, MulticastDelegateUtilities.SafeInvoke: InternalTestLoggerEvents.SendTestRunMessage: Invoking callback 1/1 for Microsoft.VisualStudio.TestPlatform.CommandLine.Internal.ConsoleLogger., took 0 ms.
TpTrace Verbose: 0 : 21016, 13, 2024/07/12, 10:42:05.748, 6639772598376, vstest.console.dll, TcpClientExtensions.MessageLoopAsync: Polling on remoteEndPoint: 127.0.0.1:49222 localEndPoint: 127.0.0.1:49221 after 1011 ms
TpTrace Verbose: 0 : 21016, 13, 2024/07/12, 10:42:06.004, 6639775161557, vstest.console.dll, TcpClientExtensions.MessageLoopAsync: NotifyDataAvailable remoteEndPoint: 127.0.0.1:49222 localEndPoint: 127.0.0.1:49221
TpTrace Verbose: 0 : 21016, 13, 2024/07/12, 10:42:06.004, 6639775164919, vstest.console.dll, TestRequestSender.OnExecutionMessageReceived: Received message: {"Version":7,"MessageType":"TestExecution.StatsChange","Payload":{"NewTestResults":[],"TestRunStatistics":{"ExecutedTests":0,"Stats":{}},"ActiveTests":[{"Id":"f9abc410-a5c7-40b6-4c7c-fe0e071744f1","FullyQualifiedName":"ATMTest.Repositories.AccountRepositoryTest.AddAccountTest","DisplayName":"AddAccountTest","ExecutorUri":"executor://NUnit3TestExecutor","Source":"C:\\Users\\VC\\Desktop\\onedayproject\\ATM-app\\solnATM\\ATMTest\\bin\\Debug\\net6.0\\fine-code-coverage\\build-output\\ATMTest.dll","CodeFilePath":null,"LineNumber":0,"Properties":[{"Key":{"Id":"NUnit.Seed","Label":"Seed","Category":"","Description":"","Attributes":0,"ValueType":"System.String"},"Value":"848292043"}]}]}}
TpTrace Verbose: 0 : 21016, 13, 2024/07/12, 10:42:06.030, 6639775425093, vstest.console.dll, TestRunRequest:SendTestRunStatsChange: Starting.
TpTrace Verbose: 0 : 21016, 13, 2024/07/12, 10:42:06.031, 6639775429202, vstest.console.dll, InProgress is AddAccountTest
TpTrace Verbose: 0 : 21016, 13, 2024/07/12, 10:42:06.031, 6639775431750, vstest.console.dll, MulticastDelegateUtilities.SafeInvoke: TestRun.RunStatsChanged: Invoking callbacks was skipped because there are no subscribers.
TpTrace Information: 0 : 21016, 13, 2024/07/12, 10:42:06.031, 6639775432492, vstest.console.dll, TestRunRequest:SendTestRunStatsChange: Completed.
TpTrace Verbose: 0 : 21016, 13, 2024/07/12, 10:42:06.031, 6639775433224, vstest.console.dll, MulticastDelegateUtilities.SafeInvoke: LengthPrefixCommunicationChannel: MessageReceived: Invoking callback 1/1 for Microsoft.VisualStudio.TestPlatform.CommunicationUtilities.TestRequestSender+<>c__DisplayClass34_0., took 26 ms.
TpTrace Verbose: 0 : 21016, 13, 2024/07/12, 10:42:06.031, 6639775433862, vstest.console.dll, TcpClientExtensions.MessageLoopAsync: Polling on remoteEndPoint: 127.0.0.1:49222 localEndPoint: 127.0.0.1:49221 after 283 ms
TpTrace Verbose: 0 : 21016, 13, 2024/07/12, 10:42:06.567, 6639780788805, vstest.console.dll, TcpClientExtensions.MessageLoopAsync: NotifyDataAvailable remoteEndPoint: 127.0.0.1:49222 localEndPoint: 127.0.0.1:49221
TpTrace Verbose: 0 : 21016, 13, 2024/07/12, 10:42:06.567, 6639780794368, vstest.console.dll, TestRequestSender.OnExecutionMessageReceived: Received message: {"Version":7,"MessageType":"TestExecution.StatsChange","Payload":{"NewTestResults":[{"TestCase":{"Id":"f9abc410-a5c7-40b6-4c7c-fe0e071744f1","FullyQualifiedName":"ATMTest.Repositories.AccountRepositoryTest.AddAccountTest","DisplayName":"AddAccountTest","ExecutorUri":"executor://NUnit3TestExecutor","Source":"C:\\Users\\VC\\Desktop\\onedayproject\\ATM-app\\solnATM\\ATMTest\\bin\\Debug\\net6.0\\fine-code-coverage\\build-output\\ATMTest.dll","CodeFilePath":null,"LineNumber":0,"Properties":[{"Key":{"Id":"NUnit.Seed","Label":"Seed","Category":"","Description":"","Attributes":0,"ValueType":"System.String"},"Value":"848292043"}]},"Attachments":[],"Outcome":1,"ErrorMessage":null,"ErrorStackTrace":null,"DisplayName":"AddAccountTest","Messages":[],"ComputerName":"794GBX3","Duration":"00:00:01.3005630","StartTime":"2024-07-12T05:12:04.7600987+00:00","EndTime":"2024-07-12T05:12:06.0605414+00:00","Properties":[{"Key":{"Id":"NUnit.Seed","Label":"Seed","Category":"","Description":"","Attributes":0,"ValueType":"System.String"},"Value":"848292043"}]},{"TestCase":{"Id":"23559546-d2bc-c9af-df13-18aca8ba43ed","FullyQualifiedName":"ATMTest.Repositories.AccountRepositoryTest.DeleteAccountTest","DisplayName":"DeleteAccountTest","ExecutorUri":"executor://NUnit3TestExecutor","Source":"C:\\Users\\VC\\Desktop\\onedayproject\\ATM-app\\solnATM\\ATMTest\\bin\\Debug\\net6.0\\fine-code-coverage\\build-output\\ATMTest.dll","CodeFilePath":null,"LineNumber":0,"Properties":[{"Key":{"Id":"NUnit.Seed","Label":"Seed","Category":"","Description":"","Attributes":0,"ValueType":"System.String"},"Value":"1098589923"}]},"Attachments":[],"Outcome":1,"ErrorMessage":null,"ErrorStackTrace":null,"DisplayName":"DeleteAccountTest","Messages":[],"ComputerName":"794GBX3","Duration":"00:00:00.0585350","StartTime":"2024-07-12T05:12:06.0629566+00:00","EndTime":"2024-07-12T05:12:06.1214915+00:00","Properties":[{"Key":{"Id":"NUnit.Seed","Label":"Seed","Category":"","Description":"","Attributes":0,"ValueType":"System.String"},"Value":"1098589923"}]},{"TestCase":{"Id":"055df1a2-ea4f-7057-c43e-e38ac263a2f6","FullyQualifiedName":"ATMTest.Repositories.AccountRepositoryTest.GetAccountByIdTest","DisplayName":"GetAccountByIdTest","ExecutorUri":"executor://NUnit3TestExecutor","Source":"C:\\Users\\VC\\Desktop\\onedayproject\\ATM-app\\solnATM\\ATMTest\\bin\\Debug\\net6.0\\fine-code-coverage\\build-output\\ATMTest.dll","CodeFilePath":null,"LineNumber":0,"Properties":[{"Key":{"Id":"NUnit.Seed","Label":"Seed","Category":"","Description":"","Attributes":0,"ValueType":"System.String"},"Value":"801690892"}]},"Attachments":[],"Outcome":1,"ErrorMessage":null,"ErrorStackTrace":null,"DisplayName":"GetAccountByIdTest","Messages":[],"ComputerName":"794GBX3","Duration":"00:00:00.0249390","StartTime":"2024-07-12T05:12:06.1215458+00:00","EndTime":"2024-07-12T05:12:06.1464842+00:00","Properties":[{"Key":{"Id":"NUnit.Seed","Label":"Seed","Category":"","Description":"","Attributes":0,"ValueType":"System.String"},"Value":"801690892"}]},{"TestCase":{"Id":"ff5f948b-4bdc-15df-0508-87a95921666f","FullyQualifiedName":"ATMTest.Repositories.AccountRepositoryTest.GetAllAccountsTest","DisplayName":"GetAllAccountsTest","ExecutorUri":"executor://NUnit3TestExecutor","Source":"C:\\Users\\VC\\Desktop\\onedayproject\\ATM-app\\solnATM\\ATMTest\\bin\\Debug\\net6.0\\fine-code-coverage\\build-output\\ATMTest.dll","CodeFilePath":null,"LineNumber":0,"Properties":[{"Key":{"Id":"NUnit.Seed","Label":"Seed","Category":"","Description":"","Attributes":0,"ValueType":"System.String"},"Value":"1772647149"}]},"Attachments":[],"Outcome":1,"ErrorMessage":null,"ErrorStackTrace":null,"DisplayName":"GetAllAccountsTest","Messages":[],"ComputerName":"794GBX3","Duration":"00:00:00.2424080","StartTime":"2024-07-12T05:12:06.1465368+00:00","EndTime":"2024-07-12T05:12:06.3889439+00:00","Properties":[{"Key":{"Id":"NUnit.Seed","Label":"Seed","Category":"","Description":"","Attributes":0,"ValueType":"System.String"},"Value":"1772647149"}]},{"TestCase":{"Id":"b61d65d5-7b22-9891-05fd-4d7fbe859810","FullyQualifiedName":"ATMTest.Repositories.AccountRepositoryTest.GetByIdThrowsEntityNotFoundExceptionI","DisplayName":"GetByIdThrowsEntityNotFoundExceptionI","ExecutorUri":"executor://NUnit3TestExecutor","Source":"C:\\Users\\VC\\Desktop\\onedayproject\\ATM-app\\solnATM\\ATMTest\\bin\\Debug\\net6.0\\fine-code-coverage\\build-output\\ATMTest.dll","CodeFilePath":null,"LineNumber":0,"Properties":[{"Key":{"Id":"NUnit.Seed","Label":"Seed","Category":"","Description":"","Attributes":0,"ValueType":"System.String"},"Value":"1815553617"}]},"Attachments":[],"Outcome":1,"ErrorMessage":null,"ErrorStackTrace":null,"DisplayName":"GetByIdThrowsEntityNotFoundExceptionI","Messages":[],"ComputerName":"794GBX3","Duration":"00:00:00.1201590","StartTime":"2024-07-12T05:12:06.3891868+00:00","EndTime":"2024-07-12T05:12:06.5093452+00:00","Properties":[{"Key":{"Id":"NUnit.Seed","Label":"Seed","Category":"","Description":"","Attributes":0,"ValueType":"System.String"},"Value":"1815553617"}]},{"TestCase":{"Id":"022341ef-1216-25e4-3f8b-9d9c8043260b","FullyQualifiedName":"ATMTest.Repositories.AccountRepositoryTest.UpdateAccountTest","DisplayName":"UpdateAccountTest","ExecutorUri":"executor://NUnit3TestExecutor","Source":"C:\\Users\\VC\\Desktop\\onedayproject\\ATM-app\\solnATM\\ATMTest\\bin\\Debug\\net6.0\\fine-code-coverage\\build-output\\ATMTest.dll","CodeFilePath":null,"LineNumber":0,"Properties":[{"Key":{"Id":"NUnit.Seed","Label":"Seed","Category":"","Description":"","Attributes":0,"ValueType":"System.String"},"Value":"920184281"}]},"Attachments":[],"Outcome":1,"ErrorMessage":null,"ErrorStackTrace":null,"DisplayName":"UpdateAccountTest","Messages":[],"ComputerName":"794GBX3","Duration":"00:00:00.0092850","StartTime":"2024-07-12T05:12:06.5093978+00:00","EndTime":"2024-07-12T05:12:06.5186814+00:00","Properties":[{"Key":{"Id":"NUnit.Seed","Label":"Seed","Category":"","Description":"","Attributes":0,"ValueType":"System.String"},"Value":"920184281"}]},{"TestCase":{"Id":"0fb32859-cca8-8fbd-2d57-84492b7d5ac9","FullyQualifiedName":"ATMTest.Repositories.CardRepositoryTest.AddCard","DisplayName":"AddCard","ExecutorUri":"executor://NUnit3TestExecutor","Source":"C:\\Users\\VC\\Desktop\\onedayproject\\ATM-app\\solnATM\\ATMTest\\bin\\Debug\\net6.0\\fine-code-coverage\\build-output\\ATMTest.dll","CodeFilePath":null,"LineNumber":0,"Properties":[{"Key":{"Id":"NUnit.Seed","Label":"Seed","Category":"","Description":"","Attributes":0,"ValueType":"System.String"},"Value":"592602312"}]},"Attachments":[],"Outcome":1,"ErrorMessage":null,"ErrorStackTrace":null,"DisplayName":"AddCard","Messages":[],"ComputerName":"794GBX3","Duration":"00:00:00.0193550","StartTime":"2024-07-12T05:12:06.5235616+00:00","EndTime":"2024-07-12T05:12:06.5429168+00:00","Properties":[{"Key":{"Id":"NUnit.Seed","Label":"Seed","Category":"","Description":"","Attributes":0,"ValueType":"System.String"},"Value":"592602312"}]},{"TestCase":{"Id":"68fd1ac1-6cb9-9ba6-fb51-69de1b5f8428","FullyQualifiedName":"ATMTest.Repositories.CardRepositoryTest.DeleteCardTest","DisplayName":"DeleteCardTest","ExecutorUri":"executor://NUnit3TestExecutor","Source":"C:\\Users\\VC\\Desktop\\onedayproject\\ATM-app\\solnATM\\ATMTest\\bin\\Debug\\net6.0\\fine-code-coverage\\build-output\\ATMTest.dll","CodeFilePath":null,"LineNumber":0,"Properties":[{"Key":{"Id":"NUnit.Seed","Label":"Seed","Category":"","Description":"","Attributes":0,"ValueType":"System.String"},"Value":"1484228645"}]},"Attachments":[],"Outcome":1,"ErrorMessage":null,"ErrorStackTrace":null,"DisplayName":"DeleteCardTest","Messages":[],"ComputerName":"794GBX3","Duration":"00:00:00.0015210","StartTime":"2024-07-12T05:12:06.5429554+00:00","EndTime":"2024-07-12T05:12:06.5444758+00:00","Properties":[{"Key":{"Id":"NUnit.Seed","Label":"Seed","Category":"","Description":"","Attributes":0,"ValueType":"System.String"},"Value":"1484228645"}]},{"TestCase":{"Id":"645f1d38-6014-80b0-a747-8df0a2aaa794","FullyQualifiedName":"ATMTest.Repositories.CardRepositoryTest.GetAllCards","DisplayName":"GetAllCards","ExecutorUri":"executor://NUnit3TestExecutor","Source":"C:\\Users\\VC\\Desktop\\onedayproject\\ATM-app\\solnATM\\ATMTest\\bin\\Debug\\net6.0\\fine-code-coverage\\build-output\\ATMTest.dll","CodeFilePath":null,"LineNumber":0,"Properties":[{"Key":{"Id":"NUnit.Seed","Label":"Seed","Category":"","Description":"","Attributes":0,"ValueType":"System.String"},"Value":"459938143"}]},"Attachments":[],"Outcome":1,"ErrorMessage":null,"ErrorStackTrace":null,"DisplayName":"GetAllCards","Messages":[],"ComputerName":"794GBX3","Duration":"00:00:00.0059569","StartTime":"2024-07-12T05:12:06.5444967+00:00","EndTime":"2024-07-12T05:12:06.5504536+00:00","Properties":[{"Key":{"Id":"NUnit.Seed","Label":"Seed","Category":"","Description":"","Attributes":0,"ValueType":"System.String"},"Value":"459938143"}]}],"TestRunStatistics":{"ExecutedTests":9,"Stats":{"Passed":9}},"ActiveTests":[{"Id":"1010d2cc-7ef2-3455-a4a8-0495e87f1c2b","FullyQualifiedName":"ATMTest.Repositories.CardRepositoryTest.GetCarByIdTest","DisplayName":"GetCarByIdTest","ExecutorUri":"executor://NUnit3TestExecutor","Source":"C:\\Users\\VC\\Desktop\\onedayproject\\ATM-app\\solnATM\\ATMTest\\bin\\Debug\\net6.0\\fine-code-coverage\\build-output\\ATMTest.dll","CodeFilePath":null,"LineNumber":0,"Properties":[{"Key":{"Id":"NUnit.Seed","Label":"Seed","Category":"","Description":"","Attributes":0,"ValueType":"System.String"},"Value":"793077533"}]}]}}
TpTrace Verbose: 0 : 21016, 13, 2024/07/12, 10:42:06.583, 6639780947258, vstest.console.dll, TestRunRequest:SendTestRunStatsChange: Starting.
TpTrace Verbose: 0 : 21016, 13, 2024/07/12, 10:42:06.583, 6639780949249, vstest.console.dll, InProgress is GetCarByIdTest
TpTrace Verbose: 0 : 21016, 13, 2024/07/12, 10:42:06.583, 6639780952761, vstest.console.dll, MulticastDelegateUtilities.SafeInvoke: TestRun.RunStatsChanged: Invoking callbacks was skipped because there are no subscribers.
TpTrace Information: 0 : 21016, 13, 2024/07/12, 10:42:06.583, 6639780953641, vstest.console.dll, TestRunRequest:SendTestRunStatsChange: Completed.
TpTrace Verbose: 0 : 21016, 13, 2024/07/12, 10:42:06.583, 6639780954353, vstest.console.dll, MulticastDelegateUtilities.SafeInvoke: LengthPrefixCommunicationChannel: MessageReceived: Invoking callback 1/1 for Microsoft.VisualStudio.TestPlatform.CommunicationUtilities.TestRequestSender+<>c__DisplayClass34_0., took 16 ms.
TpTrace Verbose: 0 : 21016, 13, 2024/07/12, 10:42:06.583, 6639780954925, vstest.console.dll, TcpClientExtensions.MessageLoopAsync: Polling on remoteEndPoint: 127.0.0.1:49222 localEndPoint: 127.0.0.1:49221 after 552 ms
TpTrace Verbose: 0 : 21016, 4, 2024/07/12, 10:42:06.586, 6639780983740, vstest.console.dll, MulticastDelegateUtilities.SafeInvoke: InternalTestLoggerEvents.SendTestResult: Invoking callback 1/1 for Microsoft.VisualStudio.TestPlatform.CommandLine.Internal.ConsoleLogger., took 3 ms.
TpTrace Verbose: 0 : 21016, 4, 2024/07/12, 10:42:06.587, 6639780989492, vstest.console.dll, MulticastDelegateUtilities.SafeInvoke: InternalTestLoggerEvents.SendTestResult: Invoking callback 1/1 for Microsoft.VisualStudio.TestPlatform.CommandLine.Internal.ConsoleLogger., took 0 ms.
TpTrace Verbose: 0 : 21016, 4, 2024/07/12, 10:42:06.587, 6639780990616, vstest.console.dll, MulticastDelegateUtilities.SafeInvoke: InternalTestLoggerEvents.SendTestResult: Invoking callback 1/1 for Microsoft.VisualStudio.TestPlatform.CommandLine.Internal.ConsoleLogger., took 0 ms.
TpTrace Verbose: 0 : 21016, 4, 2024/07/12, 10:42:06.587, 6639780991251, vstest.console.dll, MulticastDelegateUtilities.SafeInvoke: InternalTestLoggerEvents.SendTestResult: Invoking callback 1/1 for Microsoft.VisualStudio.TestPlatform.CommandLine.Internal.ConsoleLogger., took 0 ms.
TpTrace Verbose: 0 : 21016, 4, 2024/07/12, 10:42:06.587, 6639780991951, vstest.console.dll, MulticastDelegateUtilities.SafeInvoke: InternalTestLoggerEvents.SendTestResult: Invoking callback 1/1 for Microsoft.VisualStudio.TestPlatform.CommandLine.Internal.ConsoleLogger., took 0 ms.
TpTrace Verbose: 0 : 21016, 4, 2024/07/12, 10:42:06.587, 6639780992667, vstest.console.dll, MulticastDelegateUtilities.SafeInvoke: InternalTestLoggerEvents.SendTestResult: Invoking callback 1/1 for Microsoft.VisualStudio.TestPlatform.CommandLine.Internal.ConsoleLogger., took 0 ms.
TpTrace Verbose: 0 : 21016, 4, 2024/07/12, 10:42:06.588, 6639780996828, vstest.console.dll, MulticastDelegateUtilities.SafeInvoke: InternalTestLoggerEvents.SendTestResult: Invoking callback 1/1 for Microsoft.VisualStudio.TestPlatform.CommandLine.Internal.ConsoleLogger., took 0 ms.
TpTrace Verbose: 0 : 21016, 4, 2024/07/12, 10:42:06.588, 6639780997820, vstest.console.dll, MulticastDelegateUtilities.SafeInvoke: InternalTestLoggerEvents.SendTestResult: Invoking callback 1/1 for Microsoft.VisualStudio.TestPlatform.CommandLine.Internal.ConsoleLogger., took 0 ms.
TpTrace Verbose: 0 : 21016, 4, 2024/07/12, 10:42:06.588, 6639780998840, vstest.console.dll, MulticastDelegateUtilities.SafeInvoke: InternalTestLoggerEvents.SendTestResult: Invoking callback 1/1 for Microsoft.VisualStudio.TestPlatform.CommandLine.Internal.ConsoleLogger., took 0 ms.
TpTrace Verbose: 0 : 21016, 13, 2024/07/12, 10:42:06.661, 6639781729284, vstest.console.dll, TcpClientExtensions.MessageLoopAsync: NotifyDataAvailable remoteEndPoint: 127.0.0.1:49222 localEndPoint: 127.0.0.1:49221
TpTrace Verbose: 0 : 21016, 13, 2024/07/12, 10:42:06.661, 6639781733685, vstest.console.dll, TestRequestSender.OnExecutionMessageReceived: Received message: {"Version":7,"MessageType":"TestExecution.StatsChange","Payload":{"NewTestResults":[{"TestCase":{"Id":"1010d2cc-7ef2-3455-a4a8-0495e87f1c2b","FullyQualifiedName":"ATMTest.Repositories.CardRepositoryTest.GetCarByIdTest","DisplayName":"GetCarByIdTest","ExecutorUri":"executor://NUnit3TestExecutor","Source":"C:\\Users\\VC\\Desktop\\onedayproject\\ATM-app\\solnATM\\ATMTest\\bin\\Debug\\net6.0\\fine-code-coverage\\build-output\\ATMTest.dll","CodeFilePath":null,"LineNumber":0,"Properties":[{"Key":{"Id":"NUnit.Seed","Label":"Seed","Category":"","Description":"","Attributes":0,"ValueType":"System.String"},"Value":"793077533"}]},"Attachments":[],"Outcome":1,"ErrorMessage":null,"ErrorStackTrace":null,"DisplayName":"GetCarByIdTest","Messages":[],"ComputerName":"794GBX3","Duration":"00:00:00.0023280","StartTime":"2024-07-12T05:12:06.5505092+00:00","EndTime":"2024-07-12T05:12:06.5528358+00:00","Properties":[{"Key":{"Id":"NUnit.Seed","Label":"Seed","Category":"","Description":"","Attributes":0,"ValueType":"System.String"},"Value":"793077533"}]},{"TestCase":{"Id":"9a2155ca-a9d1-ae7e-db47-895ea20b62a1","FullyQualifiedName":"ATMTest.Repositories.CardRepositoryTest.UpdateCardTest","DisplayName":"UpdateCardTest","ExecutorUri":"executor://NUnit3TestExecutor","Source":"C:\\Users\\VC\\Desktop\\onedayproject\\ATM-app\\solnATM\\ATMTest\\bin\\Debug\\net6.0\\fine-code-coverage\\build-output\\ATMTest.dll","CodeFilePath":null,"LineNumber":0,"Properties":[{"Key":{"Id":"NUnit.Seed","Label":"Seed","Category":"","Description":"","Attributes":0,"ValueType":"System.String"},"Value":"538556636"}]},"Attachments":[],"Outcome":1,"ErrorMessage":null,"ErrorStackTrace":null,"DisplayName":"UpdateCardTest","Messages":[],"ComputerName":"794GBX3","Duration":"00:00:00.0016230","StartTime":"2024-07-12T05:12:06.5528774+00:00","EndTime":"2024-07-12T05:12:06.5544997+00:00","Properties":[{"Key":{"Id":"NUnit.Seed","Label":"Seed","Category":"","Description":"","Attributes":0,"ValueType":"System.String"},"Value":"538556636"}]},{"TestCase":{"Id":"0d5d8dfa-e247-708b-bf1a-ac2111b2f27d","FullyQualifiedName":"ATMTest.Repositories.TransactionRepositoryTest.AddTransactionSuccessTest","DisplayName":"AddTransactionSuccessTest","ExecutorUri":"executor://NUnit3TestExecutor","Source":"C:\\Users\\VC\\Desktop\\onedayproject\\ATM-app\\solnATM\\ATMTest\\bin\\Debug\\net6.0\\fine-code-coverage\\build-output\\ATMTest.dll","CodeFilePath":null,"LineNumber":0,"Properties":[{"Key":{"Id":"NUnit.Seed","Label":"Seed","Category":"","Description":"","Attributes":0,"ValueType":"System.String"},"Value":"1681033716"}]},"Attachments":[],"Outcome":1,"ErrorMessage":null,"ErrorStackTrace":null,"DisplayName":"AddTransactionSuccessTest","Messages":[],"ComputerName":"794GBX3","Duration":"00:00:00.0394660","StartTime":"2024-07-12T05:12:06.5547216+00:00","EndTime":"2024-07-12T05:12:06.5941874+00:00","Properties":[{"Key":{"Id":"NUnit.Seed","Label":"Seed","Category":"","Description":"","Attributes":0,"ValueType":"System.String"},"Value":"1681033716"}]},{"TestCase":{"Id":"540bdbf0-c16b-ac93-67aa-7d5d2712b52e","FullyQualifiedName":"ATMTest.Repositories.TransactionRepositoryTest.DeleteTransactionByIdFailTest","DisplayName":"DeleteTransactionByIdFailTest","ExecutorUri":"executor://NUnit3TestExecutor","Source":"C:\\Users\\VC\\Desktop\\onedayproject\\ATM-app\\solnATM\\ATMTest\\bin\\Debug\\net6.0\\fine-code-coverage\\build-output\\ATMTest.dll","CodeFilePath":null,"LineNumber":0,"Properties":[{"Key":{"Id":"NUnit.Seed","Label":"Seed","Category":"","Description":"","Attributes":0,"ValueType":"System.String"},"Value":"1580077820"}]},"Attachments":[],"Outcome":1,"ErrorMessage":null,"ErrorStackTrace":null,"DisplayName":"DeleteTransactionByIdFailTest","Messages":[],"ComputerName":"794GBX3","Duration":"00:00:00.0139510","StartTime":"2024-07-12T05:12:06.5942386+00:00","EndTime":"2024-07-12T05:12:06.6081896+00:00","Properties":[{"Key":{"Id":"NUnit.Seed","Label":"Seed","Category":"","Description":"","Attributes":0,"ValueType":"System.String"},"Value":"1580077820"}]},{"TestCase":{"Id":"d8e2d984-bb11-480b-beb5-863a7215ad30","FullyQualifiedName":"ATMTest.Repositories.TransactionRepositoryTest.DeleteTransactionByIdSuccessTest","DisplayName":"DeleteTransactionByIdSuccessTest","ExecutorUri":"executor://NUnit3TestExecutor","Source":"C:\\Users\\VC\\Desktop\\onedayproject\\ATM-app\\solnATM\\ATMTest\\bin\\Debug\\net6.0\\fine-code-coverage\\build-output\\ATMTest.dll","CodeFilePath":null,"LineNumber":0,"Properties":[{"Key":{"Id":"NUnit.Seed","Label":"Seed","Category":"","Description":"","Attributes":0,"ValueType":"System.String"},"Value":"1163281097"}]},"Attachments":[],"Outcome":1,"ErrorMessage":null,"ErrorStackTrace":null,"DisplayName":"DeleteTransactionByIdSuccessTest","Messages":[],"ComputerName":"794GBX3","Duration":"00:00:00.0061510","StartTime":"2024-07-12T05:12:06.6082238+00:00","EndTime":"2024-07-12T05:12:06.6143746+00:00","Properties":[{"Key":{"Id":"NUnit.Seed","Label":"Seed","Category":"","Description":"","Attributes":0,"ValueType":"System.String"},"Value":"1163281097"}]},{"TestCase":{"Id":"7c3d6e62-faf7-d4a2-2a41-92e30bbc5d07","FullyQualifiedName":"ATMTest.Repositories.TransactionRepositoryTest.GetAllTransactionsSuccessTest","DisplayName":"GetAllTransactionsSuccessTest","ExecutorUri":"executor://NUnit3TestExecutor","Source":"C:\\Users\\VC\\Desktop\\onedayproject\\ATM-app\\solnATM\\ATMTest\\bin\\Debug\\net6.0\\fine-code-coverage\\build-output\\ATMTest.dll","CodeFilePath":null,"LineNumber":0,"Properties":[{"Key":{"Id":"NUnit.Seed","Label":"Seed","Category":"","Description":"","Attributes":0,"ValueType":"System.String"},"Value":"991353262"}]},"Attachments":[],"Outcome":1,"ErrorMessage":null,"ErrorStackTrace":null,"DisplayName":"GetAllTransactionsSuccessTest","Messages":[],"ComputerName":"794GBX3","Duration":"00:00:00.0145650","StartTime":"2024-07-12T05:12:06.6144125+00:00","EndTime":"2024-07-12T05:12:06.628977+00:00","Properties":[{"Key":{"Id":"NUnit.Seed","Label":"Seed","Category":"","Description":"","Attributes":0,"ValueType":"System.String"},"Value":"991353262"}]},{"TestCase":{"Id":"4d4a95ea-3210-def1-427d-731f48bea5bc","FullyQualifiedName":"ATMTest.Repositories.TransactionRepositoryTest.GetByTransactionIdFailTest","DisplayName":"GetByTransactionIdFailTest","ExecutorUri":"executor://NUnit3TestExecutor","Source":"C:\\Users\\VC\\Desktop\\onedayproject\\ATM-app\\solnATM\\ATMTest\\bin\\Debug\\net6.0\\fine-code-coverage\\build-output\\ATMTest.dll","CodeFilePath":null,"LineNumber":0,"Properties":[{"Key":{"Id":"NUnit.Seed","Label":"Seed","Category":"","Description":"","Attributes":0,"ValueType":"System.String"},"Value":"473299987"}]},"Attachments":[],"Outcome":1,"ErrorMessage":null,"ErrorStackTrace":null,"DisplayName":"GetByTransactionIdFailTest","Messages":[],"ComputerName":"794GBX3","Duration":"00:00:00.0080160","StartTime":"2024-07-12T05:12:06.6290253+00:00","EndTime":"2024-07-12T05:12:06.6370403+00:00","Properties":[{"Key":{"Id":"NUnit.Seed","Label":"Seed","Category":"","Description":"","Attributes":0,"ValueType":"System.String"},"Value":"473299987"}]},{"TestCase":{"Id":"4e1cede9-1a34-d55b-d3f5-22700666d559","FullyQualifiedName":"ATMTest.Repositories.TransactionRepositoryTest.GetByTransactionIdSuccessTest","DisplayName":"GetByTransactionIdSuccessTest","ExecutorUri":"executor://NUnit3TestExecutor","Source":"C:\\Users\\VC\\Desktop\\onedayproject\\ATM-app\\solnATM\\ATMTest\\bin\\Debug\\net6.0\\fine-code-coverage\\build-output\\ATMTest.dll","CodeFilePath":null,"LineNumber":0,"Properties":[{"Key":{"Id":"NUnit.Seed","Label":"Seed","Category":"","Description":"","Attributes":0,"ValueType":"System.String"},"Value":"430473299"}]},"Attachments":[],"Outcome":1,"ErrorMessage":null,"ErrorStackTrace":null,"DisplayName":"GetByTransactionIdSuccessTest","Messages":[],"ComputerName":"794GBX3","Duration":"00:00:00.0027430","StartTime":"2024-07-12T05:12:06.6370744+00:00","EndTime":"2024-07-12T05:12:06.6398164+00:00","Properties":[{"Key":{"Id":"NUnit.Seed","Label":"Seed","Category":"","Description":"","Attributes":0,"ValueType":"System.String"},"Value":"430473299"}]},{"TestCase":{"Id":"f843d7ee-88b2-5c9c-b2cd-47e8b8476512","FullyQualifiedName":"ATMTest.Repositories.TransactionRepositoryTest.UpdateTransactionFailTest","DisplayName":"UpdateTransactionFailTest","ExecutorUri":"executor://NUnit3TestExecutor","Source":"C:\\Users\\VC\\Desktop\\onedayproject\\ATM-app\\solnATM\\ATMTest\\bin\\Debug\\net6.0\\fine-code-coverage\\build-output\\ATMTest.dll","CodeFilePath":null,"LineNumber":0,"Properties":[{"Key":{"Id":"NUnit.Seed","Label":"Seed","Category":"","Description":"","Attributes":0,"ValueType":"System.String"},"Value":"1920880082"}]},"Attachments":[],"Outcome":1,"ErrorMessage":null,"ErrorStackTrace":null,"DisplayName":"UpdateTransactionFailTest","Messages":[],"ComputerName":"794GBX3","Duration":"00:00:00.0140390","StartTime":"2024-07-12T05:12:06.640654+00:00","EndTime":"2024-07-12T05:12:06.6546929+00:00","Properties":[{"Key":{"Id":"NUnit.Seed","Label":"Seed","Category":"","Description":"","Attributes":0,"ValueType":"System.String"},"Value":"1920880082"}]}],"TestRunStatistics":{"ExecutedTests":18,"Stats":{"Passed":18}},"ActiveTests":[{"Id":"c20866b7-fd29-40ee-e12e-4b5369ce3e3a","FullyQualifiedName":"ATMTest.Repositories.TransactionRepositoryTest.UpdateTransactionSuccessTest","DisplayName":"UpdateTransactionSuccessTest","ExecutorUri":"executor://NUnit3TestExecutor","Source":"C:\\Users\\VC\\Desktop\\onedayproject\\ATM-app\\solnATM\\ATMTest\\bin\\Debug\\net6.0\\fine-code-coverage\\build-output\\ATMTest.dll","CodeFilePath":null,"LineNumber":0,"Properties":[{"Key":{"Id":"NUnit.Seed","Label":"Seed","Category":"","Description":"","Attributes":0,"ValueType":"System.String"},"Value":"36974141"}]}]}}
TpTrace Verbose: 0 : 21016, 13, 2024/07/12, 10:42:06.666, 6639781782048, vstest.console.dll, TestRunRequest:SendTestRunStatsChange: Starting.
TpTrace Verbose: 0 : 21016, 13, 2024/07/12, 10:42:06.666, 6639781783591, vstest.console.dll, InProgress is UpdateTransactionSuccessTest
TpTrace Verbose: 0 : 21016, 13, 2024/07/12, 10:42:06.666, 6639781784991, vstest.console.dll, MulticastDelegateUtilities.SafeInvoke: TestRun.RunStatsChanged: Invoking callbacks was skipped because there are no subscribers.
TpTrace Information: 0 : 21016, 13, 2024/07/12, 10:42:06.667, 6639781785458, vstest.console.dll, TestRunRequest:SendTestRunStatsChange: Completed.
TpTrace Verbose: 0 : 21016, 13, 2024/07/12, 10:42:06.667, 6639781785954, vstest.console.dll, MulticastDelegateUtilities.SafeInvoke: LengthPrefixCommunicationChannel: MessageReceived: Invoking callback 1/1 for Microsoft.VisualStudio.TestPlatform.CommunicationUtilities.TestRequestSender+<>c__DisplayClass34_0., took 5 ms.
TpTrace Verbose: 0 : 21016, 4, 2024/07/12, 10:42:06.667, 6639781786118, vstest.console.dll, MulticastDelegateUtilities.SafeInvoke: InternalTestLoggerEvents.SendTestResult: Invoking callback 1/1 for Microsoft.VisualStudio.TestPlatform.CommandLine.Internal.ConsoleLogger., took 0 ms.
TpTrace Verbose: 0 : 21016, 13, 2024/07/12, 10:42:06.667, 6639781786534, vstest.console.dll, TcpClientExtensions.MessageLoopAsync: Polling on remoteEndPoint: 127.0.0.1:49222 localEndPoint: 127.0.0.1:49221 after 83 ms
TpTrace Verbose: 0 : 21016, 4, 2024/07/12, 10:42:06.667, 6639781787761, vstest.console.dll, MulticastDelegateUtilities.SafeInvoke: InternalTestLoggerEvents.SendTestResult: Invoking callback 1/1 for Microsoft.VisualStudio.TestPlatform.CommandLine.Internal.ConsoleLogger., took 0 ms.
TpTrace Verbose: 0 : 21016, 4, 2024/07/12, 10:42:06.667, 6639781788974, vstest.console.dll, MulticastDelegateUtilities.SafeInvoke: InternalTestLoggerEvents.SendTestResult: Invoking callback 1/1 for Microsoft.VisualStudio.TestPlatform.CommandLine.Internal.ConsoleLogger., took 0 ms.
TpTrace Verbose: 0 : 21016, 4, 2024/07/12, 10:42:06.667, 6639781789492, vstest.console.dll, MulticastDelegateUtilities.SafeInvoke: InternalTestLoggerEvents.SendTestResult: Invoking callback 1/1 for Microsoft.VisualStudio.TestPlatform.CommandLine.Internal.ConsoleLogger., took 0 ms.
TpTrace Verbose: 0 : 21016, 4, 2024/07/12, 10:42:06.667, 6639781789985, vstest.console.dll, MulticastDelegateUtilities.SafeInvoke: InternalTestLoggerEvents.SendTestResult: Invoking callback 1/1 for Microsoft.VisualStudio.TestPlatform.CommandLine.Internal.ConsoleLogger., took 0 ms.
TpTrace Verbose: 0 : 21016, 4, 2024/07/12, 10:42:06.667, 6639781790528, vstest.console.dll, MulticastDelegateUtilities.SafeInvoke: InternalTestLoggerEvents.SendTestResult: Invoking callback 1/1 for Microsoft.VisualStudio.TestPlatform.CommandLine.Internal.ConsoleLogger., took 0 ms.
TpTrace Verbose: 0 : 21016, 4, 2024/07/12, 10:42:06.667, 6639781791143, vstest.console.dll, MulticastDelegateUtilities.SafeInvoke: InternalTestLoggerEvents.SendTestResult: Invoking callback 1/1 for Microsoft.VisualStudio.TestPlatform.CommandLine.Internal.ConsoleLogger., took 0 ms.
TpTrace Verbose: 0 : 21016, 4, 2024/07/12, 10:42:06.667, 6639781791725, vstest.console.dll, MulticastDelegateUtilities.SafeInvoke: InternalTestLoggerEvents.SendTestResult: Invoking callback 1/1 for Microsoft.VisualStudio.TestPlatform.CommandLine.Internal.ConsoleLogger., took 0 ms.
TpTrace Verbose: 0 : 21016, 4, 2024/07/12, 10:42:06.667, 6639781792204, vstest.console.dll, MulticastDelegateUtilities.SafeInvoke: InternalTestLoggerEvents.SendTestResult: Invoking callback 1/1 for Microsoft.VisualStudio.TestPlatform.CommandLine.Internal.ConsoleLogger., took 0 ms.
TpTrace Verbose: 0 : 21016, 13, 2024/07/12, 10:42:06.750, 6639782620995, vstest.console.dll, TcpClientExtensions.MessageLoopAsync: NotifyDataAvailable remoteEndPoint: 127.0.0.1:49222 localEndPoint: 127.0.0.1:49221
TpTrace Verbose: 0 : 21016, 13, 2024/07/12, 10:42:06.750, 6639782624053, vstest.console.dll, TestRequestSender.OnExecutionMessageReceived: Received message: {"Version":7,"MessageType":"TestSession.Message","Payload":{"MessageLevel":0,"Message":"NUnit Adapter 4.4.0.0: Test execution complete"}}
TpTrace Verbose: 0 : 21016, 13, 2024/07/12, 10:42:06.751, 6639782626611, vstest.console.dll, TestRunRequest:SendTestRunMessage: Starting.
TpTrace Verbose: 0 : 21016, 13, 2024/07/12, 10:42:06.751, 6639782627870, vstest.console.dll, MulticastDelegateUtilities.SafeInvoke: TestRun.LogMessages: Invoking callback 1/1 for Microsoft.VisualStudio.TestPlatform.CommandLine.TestRunResultAggregator., took 0 ms.
TpTrace Verbose: 0 : 21016, 4, 2024/07/12, 10:42:06.751, 6639782628206, vstest.console.dll, MulticastDelegateUtilities.SafeInvoke: InternalTestLoggerEvents.SendTestRunMessage: Invoking callback 1/1 for Microsoft.VisualStudio.TestPlatform.CommandLine.Internal.ConsoleLogger., took 0 ms.
TpTrace Information: 0 : 21016, 13, 2024/07/12, 10:42:06.751, 6639782628358, vstest.console.dll, TestRunRequest:SendTestRunMessage: Completed.
TpTrace Verbose: 0 : 21016, 13, 2024/07/12, 10:42:06.751, 6639782629860, vstest.console.dll, MulticastDelegateUtilities.SafeInvoke: LengthPrefixCommunicationChannel: MessageReceived: Invoking callback 1/1 for Microsoft.VisualStudio.TestPlatform.CommunicationUtilities.TestRequestSender+<>c__DisplayClass34_0., took 0 ms.
TpTrace Verbose: 0 : 21016, 13, 2024/07/12, 10:42:06.751, 6639782630275, vstest.console.dll, TcpClientExtensions.MessageLoopAsync: Polling on remoteEndPoint: 127.0.0.1:49222 localEndPoint: 127.0.0.1:49221 after 84 ms
TpTrace Verbose: 0 : 21016, 13, 2024/07/12, 10:42:06.780, 6639782917075, vstest.console.dll, TcpClientExtensions.MessageLoopAsync: NotifyDataAvailable remoteEndPoint: 127.0.0.1:49222 localEndPoint: 127.0.0.1:49221
TpTrace Verbose: 0 : 21016, 13, 2024/07/12, 10:42:06.780, 6639782922083, vstest.console.dll, TestRequestSender.OnExecutionMessageReceived: Received message: {"Version":7,"MessageType":"TestExecution.Completed","Payload":{"TestRunCompleteArgs":{"TestRunStatistics":{"ExecutedTests":26,"Stats":{"Passed":26}},"IsCanceled":false,"IsAborted":false,"Error":null,"AttachmentSets":[],"InvokedDataCollectors":[],"ElapsedTimeInRunningTests":"00:00:02.2481377","Metrics":{},"DiscoveredExtensions":{"TestDiscoverers":["NUnit.VisualStudio.TestAdapter.NUnit3TestDiscoverer, NUnit3.TestAdapter, Version=4.4.0.0, Culture=neutral, PublicKeyToken=4cb40d35494691ac"],"TestExecutors":["executor://NUnit3TestExecutor"],"TestExecutors2":[],"TestSettingsProviders":[]}},"LastRunTests":{"NewTestResults":[{"TestCase":{"Id":"c20866b7-fd29-40ee-e12e-4b5369ce3e3a","FullyQualifiedName":"ATMTest.Repositories.TransactionRepositoryTest.UpdateTransactionSuccessTest","DisplayName":"UpdateTransactionSuccessTest","ExecutorUri":"executor://NUnit3TestExecutor","Source":"C:\\Users\\VC\\Desktop\\onedayproject\\ATM-app\\solnATM\\ATMTest\\bin\\Debug\\net6.0\\fine-code-coverage\\build-output\\ATMTest.dll","CodeFilePath":null,"LineNumber":0,"Properties":[{"Key":{"Id":"NUnit.Seed","Label":"Seed","Category":"","Description":"","Attributes":0,"ValueType":"System.String"},"Value":"36974141"}]},"Attachments":[],"Outcome":1,"ErrorMessage":null,"ErrorStackTrace":null,"DisplayName":"UpdateTransactionSuccessTest","Messages":[],"ComputerName":"794GBX3","Duration":"00:00:00.0042090","StartTime":"2024-07-12T05:12:06.6547376+00:00","EndTime":"2024-07-12T05:12:06.658946+00:00","Properties":[{"Key":{"Id":"NUnit.Seed","Label":"Seed","Category":"","Description":"","Attributes":0,"ValueType":"System.String"},"Value":"36974141"}]},{"TestCase":{"Id":"fb6aa191-3eca-150d-fbce-6c37768d394a","FullyQualifiedName":"ATMTest.Services.AuthenticationServiceTest.AuthenticationSuccessTest","DisplayName":"AuthenticationSuccessTest","ExecutorUri":"executor://NUnit3TestExecutor","Source":"C:\\Users\\VC\\Desktop\\onedayproject\\ATM-app\\solnATM\\ATMTest\\bin\\Debug\\net6.0\\fine-code-coverage\\build-output\\ATMTest.dll","CodeFilePath":null,"LineNumber":0,"Properties":[{"Key":{"Id":"NUnit.Seed","Label":"Seed","Category":"","Description":"","Attributes":0,"ValueType":"System.String"},"Value":"251945750"}]},"Attachments":[],"Outcome":1,"ErrorMessage":null,"ErrorStackTrace":null,"DisplayName":"AuthenticationSuccessTest","Messages":[],"ComputerName":"794GBX3","Duration":"00:00:00.0072570","StartTime":"2024-07-12T05:12:06.6591108+00:00","EndTime":"2024-07-12T05:12:06.6663675+00:00","Properties":[{"Key":{"Id":"NUnit.Seed","Label":"Seed","Category":"","Description":"","Attributes":0,"ValueType":"System.String"},"Value":"251945750"}]},{"TestCase":{"Id":"04cb89b1-ab67-e2ef-6e1d-a5eba94eb8df","FullyQualifiedName":"ATMTest.Services.AuthenticationServiceTest.AuthenticationWrongCardFailTest","DisplayName":"AuthenticationWrongCardFailTest","ExecutorUri":"executor://NUnit3TestExecutor","Source":"C:\\Users\\VC\\Desktop\\onedayproject\\ATM-app\\solnATM\\ATMTest\\bin\\Debug\\net6.0\\fine-code-coverage\\build-output\\ATMTest.dll","CodeFilePath":null,"LineNumber":0,"Properties":[{"Key":{"Id":"NUnit.Seed","Label":"Seed","Category":"","Description":"","Attributes":0,"ValueType":"System.String"},"Value":"2028282007"}]},"Attachments":[],"Outcome":1,"ErrorMessage":null,"ErrorStackTrace":null,"DisplayName":"AuthenticationWrongCardFailTest","Messages":[],"ComputerName":"794GBX3","Duration":"00:00:00.0028390","StartTime":"2024-07-12T05:12:06.6664004+00:00","EndTime":"2024-07-12T05:12:06.6692393+00:00","Properties":[{"Key":{"Id":"NUnit.Seed","Label":"Seed","Category":"","Description":"","Attributes":0,"ValueType":"System.String"},"Value":"2028282007"}]},{"TestCase":{"Id":"557a2096-8ae3-666f-a360-34eaf2c14d79","FullyQualifiedName":"ATMTest.Services.AuthenticationServiceTest.AuthenticationWrongPinFailTest","DisplayName":"AuthenticationWrongPinFailTest","ExecutorUri":"executor://NUnit3TestExecutor","Source":"C:\\Users\\VC\\Desktop\\onedayproject\\ATM-app\\solnATM\\ATMTest\\bin\\Debug\\net6.0\\fine-code-coverage\\build-output\\ATMTest.dll","CodeFilePath":null,"LineNumber":0,"Properties":[{"Key":{"Id":"NUnit.Seed","Label":"Seed","Category":"","Description":"","Attributes":0,"ValueType":"System.String"},"Value":"1140048548"}]},"Attachments":[],"Outcome":1,"ErrorMessage":null,"ErrorStackTrace":null,"DisplayName":"AuthenticationWrongPinFailTest","Messages":[],"ComputerName":"794GBX3","Duration":"00:00:00.0020280","StartTime":"2024-07-12T05:12:06.6692735+00:00","EndTime":"2024-07-12T05:12:06.6713016+00:00","Properties":[{"Key":{"Id":"NUnit.Seed","Label":"Seed","Category":"","Description":"","Attributes":0,"ValueType":"System.String"},"Value":"1140048548"}]},{"TestCase":{"Id":"96420e97-21b6-eb46-95b6-375c329d66c9","FullyQualifiedName":"ATMTest.Services.TransactionServiceTest.GetAllTransactionsSuccessTest","DisplayName":"GetAllTransactionsSuccessTest","ExecutorUri":"executor://NUnit3TestExecutor","Source":"C:\\Users\\VC\\Desktop\\onedayproject\\ATM-app\\solnATM\\ATMTest\\bin\\Debug\\net6.0\\fine-code-coverage\\build-output\\ATMTest.dll","CodeFilePath":null,"LineNumber":0,"Properties":[{"Key":{"Id":"NUnit.Seed","Label":"Seed","Category":"","Description":"","Attributes":0,"ValueType":"System.String"},"Value":"1754253430"}]},"Attachments":[],"Outcome":1,"ErrorMessage":null,"ErrorStackTrace":null,"DisplayName":"GetAllTransactionsSuccessTest","Messages":[],"ComputerName":"794GBX3","Duration":"00:00:00.0467600","StartTime":"2024-07-12T05:12:06.6721933+00:00","EndTime":"2024-07-12T05:12:06.7189539+00:00","Properties":[{"Key":{"Id":"NUnit.Seed","Label":"Seed","Category":"","Description":"","Attributes":0,"ValueType":"System.String"},"Value":"1754253430"}]},{"TestCase":{"Id":"740fb1e9-deda-65a7-f0b2-d94246cfb06e","FullyQualifiedName":"ATMTest.Services.TransactionServiceTest.TestDeopsit","DisplayName":"TestDeopsit","ExecutorUri":"executor://NUnit3TestExecutor","Source":"C:\\Users\\VC\\Desktop\\onedayproject\\ATM-app\\solnATM\\ATMTest\\bin\\Debug\\net6.0\\fine-code-coverage\\build-output\\ATMTest.dll","CodeFilePath":null,"LineNumber":0,"Properties":[{"Key":{"Id":"NUnit.Seed","Label":"Seed","Category":"","Description":"","Attributes":0,"ValueType":"System.String"},"Value":"420432252"}]},"Attachments":[],"Outcome":1,"ErrorMessage":null,"ErrorStackTrace":null,"DisplayName":"TestDeopsit","Messages":[],"ComputerName":"794GBX3","Duration":"00:00:00.0153340","StartTime":"2024-07-12T05:12:06.7190003+00:00","EndTime":"2024-07-12T05:12:06.7343329+00:00","Properties":[{"Key":{"Id":"NUnit.Seed","Label":"Seed","Category":"","Description":"","Attributes":0,"ValueType":"System.String"},"Value":"420432252"}]},{"TestCase":{"Id":"b0132067-6d64-a4b1-fa5b-93a38f0f0d87","FullyQualifiedName":"ATMTest.Services.TransactionServiceTest.TestDepositThrowsCredientalsNotValidException","DisplayName":"TestDepositThrowsCredientalsNotValidException","ExecutorUri":"executor://NUnit3TestExecutor","Source":"C:\\Users\\VC\\Desktop\\onedayproject\\ATM-app\\solnATM\\ATMTest\\bin\\Debug\\net6.0\\fine-code-coverage\\build-output\\ATMTest.dll","CodeFilePath":null,"LineNumber":0,"Properties":[{"Key":{"Id":"NUnit.Seed","Label":"Seed","Category":"","Description":"","Attributes":0,"ValueType":"System.String"},"Value":"1553966967"}]},"Attachments":[],"Outcome":1,"ErrorMessage":null,"ErrorStackTrace":null,"DisplayName":"TestDepositThrowsCredientalsNotValidException","Messages":[],"ComputerName":"794GBX3","Duration":"00:00:00.0019610","StartTime":"2024-07-12T05:12:06.7343726+00:00","EndTime":"2024-07-12T05:12:06.7363334+00:00","Properties":[{"Key":{"Id":"NUnit.Seed","Label":"Seed","Category":"","Description":"","Attributes":0,"ValueType":"System.String"},"Value":"1553966967"}]},{"TestCase":{"Id":"a3398bb9-450d-a883-a89e-426699609638","FullyQualifiedName":"ATMTest.Services.TransactionServiceTest.TestDepositThrowsDepositAmountExcedeedException","DisplayName":"TestDepositThrowsDepositAmountExcedeedException","ExecutorUri":"executor://NUnit3TestExecutor","Source":"C:\\Users\\VC\\Desktop\\onedayproject\\ATM-app\\solnATM\\ATMTest\\bin\\Debug\\net6.0\\fine-code-coverage\\build-output\\ATMTest.dll","CodeFilePath":null,"LineNumber":0,"Properties":[{"Key":{"Id":"NUnit.Seed","Label":"Seed","Category":"","Description":"","Attributes":0,"ValueType":"System.String"},"Value":"1450813257"}]},"Attachments":[],"Outcome":1,"ErrorMessage":null,"ErrorStackTrace":null,"DisplayName":"TestDepositThrowsDepositAmountExcedeedException","Messages":[],"ComputerName":"794GBX3","Duration":"00:00:00.0023910","StartTime":"2024-07-12T05:12:06.7363566+00:00","EndTime":"2024-07-12T05:12:06.7387478+00:00","Properties":[{"Key":{"Id":"NUnit.Seed","Label":"Seed","Category":"","Description":"","Attributes":0,"ValueType":"System.String"},"Value":"1450813257"}]}],"TestRunStatistics":{"ExecutedTests":26,"Stats":{"Passed":26}},"ActiveTests":[]},"RunAttachments":[],"ExecutorUris":["executor://nunit3testexecutor/"]}}
TpTrace Verbose: 0 : 21016, 13, 2024/07/12, 10:42:06.780, 6639782924900, vstest.console.dll, TestRequestSender.EndSession: Sending end session.
TpTrace Verbose: 0 : 21016, 13, 2024/07/12, 10:42:06.781, 6639782928151, vstest.console.dll, ProxyOperationManager.Close: waiting for test host to exit for 100 ms
TpTrace Verbose: 0 : 21016, 12, 2024/07/12, 10:42:06.805, 6639783174226, vstest.console.dll, TestHostManagerCallbacks.ctor: Experimental forwarding output is disabled.
TpTrace Warning: 0 : 21016, 12, 2024/07/12, 10:42:06.806, 6639783180603, vstest.console.dll, TestHostManagerCallbacks.ErrorReceivedCallback Test host standard error line: 
TpTrace Verbose: 0 : 21016, 12, 2024/07/12, 10:42:06.822, 6639783344758, vstest.console.dll, TestHostProvider.ExitCallBack: Host exited starting callback.
TpTrace Information: 0 : 21016, 12, 2024/07/12, 10:42:06.823, 6639783348695, vstest.console.dll, TestHostManagerCallbacks.ExitCallBack: Testhost processId: 16300 exited with exitcode: 0 error: ''
TpTrace Verbose: 0 : 21016, 12, 2024/07/12, 10:42:06.823, 6639783349246, vstest.console.dll, DotnetTestHostManager.OnHostExited: invoking OnHostExited callback
TpTrace Verbose: 0 : 21016, 12, 2024/07/12, 10:42:06.823, 6639783349874, vstest.console.dll, CrossPlatEngine.TestHostManagerHostExited: calling on client process exit callback.
TpTrace Information: 0 : 21016, 12, 2024/07/12, 10:42:06.823, 6639783350445, vstest.console.dll, TestRequestSender.OnClientProcessExit: Test host process exited. Standard error: 
TpTrace Information: 0 : 21016, 12, 2024/07/12, 10:42:06.823, 6639783350895, vstest.console.dll, SocketServer.Stop: Stop server endPoint: 127.0.0.1:49221
TpTrace Information: 0 : 21016, 13, 2024/07/12, 10:42:06.823, 6639783350880, vstest.console.dll, SocketServer.Stop: Stop server endPoint: 127.0.0.1:49221
TpTrace Information: 0 : 21016, 12, 2024/07/12, 10:42:06.823, 6639783351255, vstest.console.dll, SocketServer.Stop: Cancellation requested. Stopping message loop.
TpTrace Information: 0 : 21016, 13, 2024/07/12, 10:42:06.823, 6639783352084, vstest.console.dll, SocketServer.Stop: Cancellation requested. Stopping message loop.
TpTrace Verbose: 0 : 21016, 12, 2024/07/12, 10:42:06.823, 6639783353823, vstest.console.dll, MulticastDelegateUtilities.SafeInvoke: HostProviderEvents.OnHostExited: Invoking callback 1/1 for Microsoft.VisualStudio.TestPlatform.CrossPlatEngine.Client.ProxyOperationManager., took 0 ms.
TpTrace Information: 0 : 21016, 13, 2024/07/12, 10:42:06.823, 6639783354802, vstest.console.dll, Closing the connection
TpTrace Verbose: 0 : 21016, 13, 2024/07/12, 10:42:06.824, 6639783357453, vstest.console.dll, ProxyDataCollectionManager.InvokeDataCollectionServiceAction: Starting.
TpTrace Information: 0 : 21016, 13, 2024/07/12, 10:42:06.824, 6639783357937, vstest.console.dll, ProxyDataCollectionManager.AfterTestRunEnd: Get attachment set and invoked data collectors processId: 27460 port: 49218
TpTrace Verbose: 0 : 21016, 13, 2024/07/12, 10:42:06.824, 6639783358406, vstest.console.dll, DataCollectionRequestSender.SendAfterTestRunStartAndGetResult: Send AfterTestRunEnd message with isCancelled: False
TpTrace Verbose: 0 : 21016, 13, 2024/07/12, 10:42:06.830, 6639783423849, vstest.console.dll, DataCollectionRequestSender.SendAfterTestRunStartAndGetResult: Received message: (DataCollection.AfterTestRunEndResult) -> {"MessageType":"DataCollection.AfterTestRunEndResult","Payload":{"AttachmentSets":[],"InvokedDataCollectors":[{"Uri":"datacollector://Microsoft/TestPlatform/Extensions/Blame/v1","FriendlyName":"Blame","AssemblyQualifiedName":"Microsoft.TestPlatform.Extensions.BlameDataCollector.BlameCollector, Microsoft.TestPlatform.Extensions.BlameDataCollector, Version=15.0.0.0, Culture=neutral, PublicKeyToken=b03f5f7f11d50a3a","FilePath":"C:\\Program Files\\dotnet\\sdk\\8.0.300\\Extensions\\Microsoft.TestPlatform.Extensions.BlameDataCollector.dll","HasAttachmentProcessor":false}],"Metrics":{}}}
TpTrace Information: 0 : 21016, 13, 2024/07/12, 10:42:06.836, 6639783477481, vstest.console.dll, ProxyDataCollectionManager.InvokeDataCollectionServiceAction: Completed.
TpTrace Warning: 0 : 21016, 10, 2024/07/12, 10:42:06.839, 6639783509189, vstest.console.dll, DataCollectionLauncher.ErrorReceivedCallback datacollector standard error line: 
TpTrace Information: 0 : 21016, 10, 2024/07/12, 10:42:06.850, 6639783618833, vstest.console.dll, DataCollectionLauncher.ExitCallBack: Data collector exited with exitcode: 0 error: ''
TpTrace Verbose: 0 : 21016, 13, 2024/07/12, 10:42:06.881, 6639783932030, vstest.console.dll, TestRunRequest:SendTestRunStatsChange: Starting.
TpTrace Verbose: 0 : 21016, 13, 2024/07/12, 10:42:06.881, 6639783933785, vstest.console.dll, MulticastDelegateUtilities.SafeInvoke: TestRun.RunStatsChanged: Invoking callbacks was skipped because there are no subscribers.
TpTrace Information: 0 : 21016, 13, 2024/07/12, 10:42:06.881, 6639783934123, vstest.console.dll, TestRunRequest:SendTestRunStatsChange: Completed.
TpTrace Verbose: 0 : 21016, 4, 2024/07/12, 10:42:06.882, 6639783935372, vstest.console.dll, MulticastDelegateUtilities.SafeInvoke: InternalTestLoggerEvents.SendTestResult: Invoking callback 1/1 for Microsoft.VisualStudio.TestPlatform.CommandLine.Internal.ConsoleLogger., took 0 ms.
TpTrace Verbose: 0 : 21016, 4, 2024/07/12, 10:42:06.882, 6639783936377, vstest.console.dll, MulticastDelegateUtilities.SafeInvoke: InternalTestLoggerEvents.SendTestResult: Invoking callback 1/1 for Microsoft.VisualStudio.TestPlatform.CommandLine.Internal.ConsoleLogger., took 0 ms.
TpTrace Verbose: 0 : 21016, 4, 2024/07/12, 10:42:06.882, 6639783936824, vstest.console.dll, MulticastDelegateUtilities.SafeInvoke: InternalTestLoggerEvents.SendTestResult: Invoking callback 1/1 for Microsoft.VisualStudio.TestPlatform.CommandLine.Internal.ConsoleLogger., took 0 ms.
TpTrace Verbose: 0 : 21016, 4, 2024/07/12, 10:42:06.882, 6639783937203, vstest.console.dll, MulticastDelegateUtilities.SafeInvoke: InternalTestLoggerEvents.SendTestResult: Invoking callback 1/1 for Microsoft.VisualStudio.TestPlatform.CommandLine.Internal.ConsoleLogger., took 0 ms.
TpTrace Verbose: 0 : 21016, 13, 2024/07/12, 10:42:06.882, 6639783937790, vstest.console.dll, ParallelProxyExecutionManager: HandlePartialRunComplete: Total workloads = 1, Total started clients = 1 Total completed clients = 1, Run complete = True, Run canceled: False.
TpTrace Verbose: 0 : 21016, 13, 2024/07/12, 10:42:06.882, 6639783938289, vstest.console.dll, ParallelProxyExecutionManager: HandlePartialRunComplete: All runs completed stopping all managers.
TpTrace Verbose: 0 : 21016, 13, 2024/07/12, 10:42:06.882, 6639783938656, vstest.console.dll, ParallelOperationManager.StopAllManagers: Stopping all managers.
TpTrace Verbose: 0 : 21016, 13, 2024/07/12, 10:42:06.882, 6639783938972, vstest.console.dll, ParallelOperationManager.ClearSlots: Clearing all slots. Slots should accept more work: False
TpTrace Verbose: 0 : 21016, 13, 2024/07/12, 10:42:06.882, 6639783939440, vstest.console.dll, ParallelOperationManager.SetOccupiedSlotCount: Setting slot counts AvailableSlotCount = 1, OccupiedSlotCount = 0.
TpTrace Verbose: 0 : 21016, 13, 2024/07/12, 10:42:06.882, 6639783939933, vstest.console.dll, Occupied slots:

TpTrace Verbose: 0 : 21016, 4, 2024/07/12, 10:42:06.883, 6639783946532, vstest.console.dll, MulticastDelegateUtilities.SafeInvoke: InternalTestLoggerEvents.SendTestResult: Invoking callback 1/1 for Microsoft.VisualStudio.TestPlatform.CommandLine.Internal.ConsoleLogger., took 0 ms.
TpTrace Verbose: 0 : 21016, 4, 2024/07/12, 10:42:06.883, 6639783947372, vstest.console.dll, MulticastDelegateUtilities.SafeInvoke: InternalTestLoggerEvents.SendTestResult: Invoking callback 1/1 for Microsoft.VisualStudio.TestPlatform.CommandLine.Internal.ConsoleLogger., took 0 ms.
TpTrace Verbose: 0 : 21016, 4, 2024/07/12, 10:42:06.883, 6639783948148, vstest.console.dll, MulticastDelegateUtilities.SafeInvoke: InternalTestLoggerEvents.SendTestResult: Invoking callback 1/1 for Microsoft.VisualStudio.TestPlatform.CommandLine.Internal.ConsoleLogger., took 0 ms.
TpTrace Verbose: 0 : 21016, 4, 2024/07/12, 10:42:06.883, 6639783948552, vstest.console.dll, MulticastDelegateUtilities.SafeInvoke: InternalTestLoggerEvents.SendTestResult: Invoking callback 1/1 for Microsoft.VisualStudio.TestPlatform.CommandLine.Internal.ConsoleLogger., took 0 ms.
TpTrace Verbose: 0 : 21016, 4, 2024/07/12, 10:42:06.892, 6639784038544, vstest.console.dll, MulticastDelegateUtilities.SafeInvoke: InternalTestLoggerEvents.SendTestRunComplete: Invoking callback 1/2 for Microsoft.TestPlatform.Extensions.BlameDataCollector.BlameLogger., took 0 ms.
TpTrace Verbose: 0 : 21016, 4, 2024/07/12, 10:42:06.897, 6639784093926, vstest.console.dll, MulticastDelegateUtilities.SafeInvoke: InternalTestLoggerEvents.SendTestRunComplete: Invoking callback 2/2 for Microsoft.VisualStudio.TestPlatform.CommandLine.Internal.ConsoleLogger., took 5 ms.
TpTrace Verbose: 0 : 21016, 13, 2024/07/12, 10:42:06.898, 6639784097458, vstest.console.dll, TestRunRequest:TestRunComplete: Starting. IsAborted:False IsCanceled:False.
TpTrace Verbose: 0 : 21016, 13, 2024/07/12, 10:42:06.898, 6639784099137, vstest.console.dll, ParallelOperationManager.DoActionOnAllManagers: Calling an action on all managers.
TpTrace Verbose: 0 : 21016, 13, 2024/07/12, 10:42:06.899, 6639784108703, vstest.console.dll, TestLoggerManager.HandleTestRunComplete: Ignoring as the object is disposed.
TpTrace Verbose: 0 : 21016, 13, 2024/07/12, 10:42:06.899, 6639784111411, vstest.console.dll, MulticastDelegateUtilities.SafeInvoke: TestRun.TestRunComplete: Invoking callback 1/2 for Microsoft.VisualStudio.TestPlatform.CommandLine.TestRunResultAggregator., took 0 ms.
TpTrace Verbose: 0 : 21016, 13, 2024/07/12, 10:42:06.899, 6639784112705, vstest.console.dll, MulticastDelegateUtilities.SafeInvoke: TestRun.TestRunComplete: Invoking callback 2/2 for Microsoft.VisualStudio.TestPlatform.CommandLine.Processors.RunTestsArgumentExecutor+TestRunRequestEventsRegistrar., took 0 ms.
TpTrace Information: 0 : 21016, 13, 2024/07/12, 10:42:06.899, 6639784113920, vstest.console.dll, TestRunRequest:TestRunComplete: Completed.
TpTrace Verbose: 0 : 21016, 13, 2024/07/12, 10:42:06.899, 6639784114389, vstest.console.dll, TestRequestSender.SetOperationComplete: Setting operation complete.
TpTrace Information: 0 : 21016, 13, 2024/07/12, 10:42:06.899, 6639784114716, vstest.console.dll, SocketServer.Stop: Stop server endPoint: 127.0.0.1:49221
TpTrace Verbose: 0 : 21016, 1, 2024/07/12, 10:42:06.899, 6639784114685, vstest.console.dll, TestRunRequest.Dispose: Starting.
TpTrace Information: 0 : 21016, 13, 2024/07/12, 10:42:06.899, 6639784115220, vstest.console.dll, SocketServer.Stop: Cancellation requested. Stopping message loop.
TpTrace Verbose: 0 : 21016, 13, 2024/07/12, 10:42:06.900, 6639784117103, vstest.console.dll, MulticastDelegateUtilities.SafeInvoke: LengthPrefixCommunicationChannel: MessageReceived: Invoking callback 1/1 for Microsoft.VisualStudio.TestPlatform.CommunicationUtilities.TestRequestSender+<>c__DisplayClass34_0., took 119 ms.
TpTrace Information: 0 : 21016, 1, 2024/07/12, 10:42:06.900, 6639784116397, vstest.console.dll, TestRunRequest.Dispose: Completed.
TpTrace Information: 0 : 21016, 1, 2024/07/12, 10:42:06.900, 6639784118495, vstest.console.dll, TestRequestManager.RunTests: run tests completed.
TpTrace Information: 0 : 21016, 13, 2024/07/12, 10:42:06.900, 6639784117641, vstest.console.dll, SocketServer.PrivateStop: Stopping server endPoint: 127.0.0.1:49221 error: 
TpTrace Information: 0 : 21016, 1, 2024/07/12, 10:42:06.900, 6639784119446, vstest.console.dll, RunTestsArgumentProcessor:Execute: Test run is completed.
TpTrace Verbose: 0 : 21016, 1, 2024/07/12, 10:42:06.900, 6639784122909, vstest.console.dll, Executor.Execute: Exiting with exit code of 0
TpTrace Verbose: 0 : 21016, 13, 2024/07/12, 10:42:06.900, 6639784124356, vstest.console.dll, LengthPrefixCommunicationChannel.Dispose: Dispose reader and writer.
TpTrace Information: 0 : 21016, 13, 2024/07/12, 10:42:06.901, 6639784125359, vstest.console.dll, SocketServer.Stop: Raise disconnected event endPoint: 127.0.0.1:49221 error: 
TpTrace Verbose: 0 : 21016, 13, 2024/07/12, 10:42:06.901, 6639784126243, vstest.console.dll, TestRequestSender: OnTestRunAbort: Operation is already complete. Skip error message.
TpTrace Verbose: 0 : 21016, 13, 2024/07/12, 10:42:06.901, 6639784126708, vstest.console.dll, MulticastDelegateUtilities.SafeInvoke: SocketServer: ClientDisconnected: Invoking callback 1/1 for Microsoft.VisualStudio.TestPlatform.CommunicationUtilities.TestRequestSender., took 0 ms.
TpTrace Verbose: 0 : 21016, 13, 2024/07/12, 10:42:06.901, 6639784127079, vstest.console.dll, TcpClientExtensions.MessageLoopAsync: exiting MessageLoopAsync remoteEndPoint: 127.0.0.1:49222 localEndPoint: 127.0.0.1:49221
